122. Printing statistics.

=== systolic_sorter ===

   Number of wires:               2972
   Number of wire bits:           4164
   Number of public wires:          20
   Number of public wire bits:     964
   Number of ports:                  5
   Number of port bits:            515
   Number of memories:               0
   Number of memory bits:            0
   Number of processes:              0
   Number of cells:               3905
     $_ANDNOT_                     554
     $_AND_                         21
     $_MUX_                       1408
     $_NAND_                        15
     $_NOR_                          8
     $_NOT_                        705
     $_ORNOT_                      216
     $_OR_                          53
     $_XNOR_                        90
     $_XOR_                        130
     sky130_fd_sc_hd__dfrtp_2      705

   Area for cell type $_NOT_ is unknown!
   Area for cell type $_AND_ is unknown!
   Area for cell type $_NAND_ is unknown!
   Area for cell type $_OR_ is unknown!
   Area for cell type $_NOR_ is unknown!
   Area for cell type $_XOR_ is unknown!
   Area for cell type $_XNOR_ is unknown!
   Area for cell type $_ANDNOT_ is unknown!
   Area for cell type $_ORNOT_ is unknown!
   Area for cell type $_MUX_ is unknown!

   Chip area for module '\systolic_sorter': 18524.016000
     of which used for sequential elements: 18524.016000 (100.00%)

