130. Printing statistics.

=== systolic_sorter ===

   Number of wires:               2825
   Number of wire bits:           3335
   Number of public wires:         454
   Number of public wire bits:     964
   Number of ports:                  5
   Number of port bits:            515
   Number of memories:               0
   Number of memory bits:            0
   Number of processes:              0
   Number of cells:               3076
     sky130_fd_sc_hd__a2111o_2       9
     sky130_fd_sc_hd__a211o_2       10
     sky130_fd_sc_hd__a21bo_2        8
     sky130_fd_sc_hd__a21o_2       245
     sky130_fd_sc_hd__a21oi_2       16
     sky130_fd_sc_hd__a221o_2       40
     sky130_fd_sc_hd__a22o_2       260
     sky130_fd_sc_hd__a22oi_2        4
     sky130_fd_sc_hd__a2bb2o_2       9
     sky130_fd_sc_hd__a311o_2        5
     sky130_fd_sc_hd__a31o_2        11
     sky130_fd_sc_hd__a32o_2         2
     sky130_fd_sc_hd__a32oi_2        1
     sky130_fd_sc_hd__a41o_2         1
     sky130_fd_sc_hd__and2_2        47
     sky130_fd_sc_hd__and2b_2       65
     sky130_fd_sc_hd__and3_2         5
     sky130_fd_sc_hd__and3b_2        6
     sky130_fd_sc_hd__and4_2         9
     sky130_fd_sc_hd__and4b_2        3
     sky130_fd_sc_hd__and4bb_2       2
     sky130_fd_sc_hd__dfrtp_2      705
     sky130_fd_sc_hd__inv_2        843
     sky130_fd_sc_hd__mux2_1       433
     sky130_fd_sc_hd__nand2_2       16
     sky130_fd_sc_hd__nand2b_2      46
     sky130_fd_sc_hd__nand3_2        1
     sky130_fd_sc_hd__nand3b_2       3
     sky130_fd_sc_hd__nand4_2        1
     sky130_fd_sc_hd__nor2_2        35
     sky130_fd_sc_hd__nor4_2         1
     sky130_fd_sc_hd__o2111a_2       6
     sky130_fd_sc_hd__o211a_2       16
     sky130_fd_sc_hd__o211ai_2       3
     sky130_fd_sc_hd__o21a_2        15
     sky130_fd_sc_hd__o21ai_2       11
     sky130_fd_sc_hd__o21ba_2        3
     sky130_fd_sc_hd__o21bai_2       4
     sky130_fd_sc_hd__o221a_2       14
     sky130_fd_sc_hd__o221ai_2       1
     sky130_fd_sc_hd__o22a_2        36
     sky130_fd_sc_hd__o22ai_2        2
     sky130_fd_sc_hd__o2bb2a_2       8
     sky130_fd_sc_hd__o311a_2        3
     sky130_fd_sc_hd__o31a_2         4
     sky130_fd_sc_hd__o32a_2         4
     sky130_fd_sc_hd__or2_2         14
     sky130_fd_sc_hd__or3_2         17
     sky130_fd_sc_hd__or3b_2        21
     sky130_fd_sc_hd__or4_2         12
     sky130_fd_sc_hd__or4b_2        15
     sky130_fd_sc_hd__or4bb_2        4
     sky130_fd_sc_hd__xnor2_2        5
     sky130_fd_sc_hd__xor2_2        16

   Chip area for module '\systolic_sorter': 36897.888000
     of which used for sequential elements: 18524.016000 (50.20%)

