
===========================================================================
report_checks -unconstrained
===========================================================================
======================= min_tt_025C_1v80 Corner ===================================

Startpoint: rst (input port clocked by clk)
Endpoint: _5359_ (recovery check against rising-edge clock clk)
Path Group: asynchronous
Path Type: max

Fanout         Cap        Slew       Delay        Time   Description
---------------------------------------------------------------------------------------------
                                  0.000000    0.000000   clock clk (rise edge)
                                  0.000000    0.000000   clock network delay (propagated)
                                  5.000000    5.000000 v input external delay
     1    0.009289    0.022940    0.015031    5.015031 v rst (in)
                                                         rst (net)
                      0.022940    0.000000    5.015031 v input258/A (sky130_fd_sc_hd__buf_12)
     3    0.152702    0.072521    0.146499    5.161530 v input258/X (sky130_fd_sc_hd__buf_12)
                                                         net258 (net)
                      0.150245    0.064050    5.225580 v fanout751/A (sky130_fd_sc_hd__buf_12)
     4    0.104868    0.064947    0.200371    5.425951 v fanout751/X (sky130_fd_sc_hd__buf_12)
                                                         net751 (net)
                      0.064949    0.000293    5.426243 v max_cap752/A (sky130_fd_sc_hd__buf_12)
     4    0.114385    0.062910    0.160497    5.586740 v max_cap752/X (sky130_fd_sc_hd__buf_12)
                                                         net752 (net)
                      0.099377    0.037101    5.623842 v fanout738/A (sky130_fd_sc_hd__buf_4)
     7    0.065573    0.091342    0.220535    5.844377 v fanout738/X (sky130_fd_sc_hd__buf_4)
                                                         net738 (net)
                      0.091344    0.000349    5.844725 v fanout732/A (sky130_fd_sc_hd__buf_4)
    10    0.063437    0.088728    0.217080    6.061805 v fanout732/X (sky130_fd_sc_hd__buf_4)
                                                         net732 (net)
                      0.088728    0.000246    6.062051 v fanout731/A (sky130_fd_sc_hd__buf_2)
     6    0.043378    0.106018    0.214398    6.276450 v fanout731/X (sky130_fd_sc_hd__buf_2)
                                                         net731 (net)
                      0.106018    0.000148    6.276597 v fanout729/A (sky130_fd_sc_hd__buf_2)
     5    0.038899    0.096659    0.215958    6.492556 v fanout729/X (sky130_fd_sc_hd__buf_2)
                                                         net729 (net)
                      0.096665    0.000809    6.493365 v _3596_/A (sky130_fd_sc_hd__inv_2)
     1    0.004676    0.039486    0.066584    6.559949 ^ _3596_/Y (sky130_fd_sc_hd__inv_2)
                                                         _1258_ (net)
                      0.039486    0.000049    6.559998 ^ _5359_/RESET_B (sky130_fd_sc_hd__dfrtp_4)
                                              6.559998   data arrival time

                                 25.000000   25.000000   clock clk (rise edge)
                                  0.000000   25.000000   clock source latency
     2    0.105525    0.477206    0.334925   25.334925 ^ clk (in)
                                                         clk (net)
                      0.477501    0.000000   25.334925 ^ clkbuf_0_clk/A (sky130_fd_sc_hd__clkbuf_16)
     3    0.090359    0.112273    0.290495   25.625420 ^ clkbuf_0_clk/X (sky130_fd_sc_hd__clkbuf_16)
                                                         clknet_0_clk (net)
                      0.112959    0.006994   25.632412 ^ clkbuf_1_1_0_clk/A (sky130_fd_sc_hd__clkbuf_8)
     2    0.090093    0.161486    0.238650   25.871063 ^ clkbuf_1_1_0_clk/X (sky130_fd_sc_hd__clkbuf_8)
                                                         clknet_1_1_0_clk (net)
                      0.162207    0.008688   25.879751 ^ clkbuf_2_2_0_clk/A (sky130_fd_sc_hd__clkbuf_8)
     4    0.094902    0.170495    0.253763   26.133514 ^ clkbuf_2_2_0_clk/X (sky130_fd_sc_hd__clkbuf_8)
                                                         clknet_2_2_0_clk (net)
                      0.172260    0.013950   26.147463 ^ clkbuf_4_8_0_clk/A (sky130_fd_sc_hd__clkbuf_8)
     2    0.036719    0.077463    0.196335   26.343800 ^ clkbuf_4_8_0_clk/X (sky130_fd_sc_hd__clkbuf_8)
                                                         clknet_4_8_0_clk (net)
                      0.077683    0.002771   26.346571 ^ clkbuf_5_17__f_clk/A (sky130_fd_sc_hd__clkbuf_16)
     6    0.052860    0.071607    0.162206   26.508776 ^ clkbuf_5_17__f_clk/X (sky130_fd_sc_hd__clkbuf_16)
                                                         clknet_5_17__leaf_clk (net)
                      0.071895    0.003205   26.511980 ^ clkbuf_leaf_205_clk/A (sky130_fd_sc_hd__clkbuf_8)
     4    0.012861    0.040491    0.131225   26.643206 ^ clkbuf_leaf_205_clk/X (sky130_fd_sc_hd__clkbuf_8)
                                                         clknet_leaf_205_clk (net)
                      0.040492    0.000155   26.643360 ^ _5359_/CLK (sky130_fd_sc_hd__dfrtp_4)
                                 -0.250000   26.393362   clock uncertainty
                                  0.000000   26.393362   clock reconvergence pessimism
                                  0.217563   26.610924   library recovery time
                                             26.610924   data required time
---------------------------------------------------------------------------------------------
                                             26.610924   data required time
                                             -6.559998   data arrival time
---------------------------------------------------------------------------------------------
                                             20.050926   slack (MET)


Startpoint: _4747_ (rising edge-triggered flip-flop clocked by clk)
Endpoint: out_data_flat[96] (output port clocked by clk)
Path Group: clk
Path Type: max

Fanout         Cap        Slew       Delay        Time   Description
---------------------------------------------------------------------------------------------
                                  0.000000    0.000000   clock clk (rise edge)
                                  0.000000    0.000000   clock source latency
     2    0.105525    0.477206    0.334926    0.334926 ^ clk (in)
                                                         clk (net)
                      0.477501    0.000000    0.334926 ^ clkbuf_0_clk/A (sky130_fd_sc_hd__clkbuf_16)
     3    0.090359    0.112273    0.290495    0.625420 ^ clkbuf_0_clk/X (sky130_fd_sc_hd__clkbuf_16)
                                                         clknet_0_clk (net)
                      0.112959    0.006993    0.632413 ^ clkbuf_1_1_0_clk/A (sky130_fd_sc_hd__clkbuf_8)
     2    0.090093    0.161486    0.238650    0.871063 ^ clkbuf_1_1_0_clk/X (sky130_fd_sc_hd__clkbuf_8)
                                                         clknet_1_1_0_clk (net)
                      0.161897    0.006623    0.877687 ^ clkbuf_2_3_0_clk/A (sky130_fd_sc_hd__clkbuf_8)
     5    0.137577    0.240549    0.301902    1.179588 ^ clkbuf_2_3_0_clk/X (sky130_fd_sc_hd__clkbuf_8)
                                                         clknet_2_3_0_clk (net)
                      0.242831    0.018898    1.198487 ^ clkbuf_4_14_0_clk/A (sky130_fd_sc_hd__clkbuf_8)
     2    0.030440    0.069054    0.211413    1.409900 ^ clkbuf_4_14_0_clk/X (sky130_fd_sc_hd__clkbuf_8)
                                                         clknet_4_14_0_clk (net)
                      0.069074    0.001124    1.411024 ^ clkbuf_5_28__f_clk/A (sky130_fd_sc_hd__clkbuf_16)
    12    0.096888    0.112652    0.192329    1.603353 ^ clkbuf_5_28__f_clk/X (sky130_fd_sc_hd__clkbuf_16)
                                                         clknet_5_28__leaf_clk (net)
                      0.112655    0.000858    1.604211 ^ clkbuf_leaf_163_clk/A (sky130_fd_sc_hd__clkbuf_8)
     3    0.012207    0.039658    0.145390    1.749601 ^ clkbuf_leaf_163_clk/X (sky130_fd_sc_hd__clkbuf_8)
                                                         clknet_leaf_163_clk (net)
                      0.039658    0.000073    1.749674 ^ _4747_/CLK (sky130_fd_sc_hd__dfrtp_4)
     8    0.210136    0.585414    0.769365    2.519039 ^ _4747_/Q (sky130_fd_sc_hd__dfrtp_4)
                                                         net510 (net)
                      0.585428    0.002583    2.521622 ^ output510/A (sky130_fd_sc_hd__buf_2)
     1    0.033912    0.171017    0.317066    2.838688 ^ output510/X (sky130_fd_sc_hd__buf_2)
                                                         out_data_flat[96] (net)
                      0.171017    0.000166    2.838854 ^ out_data_flat[96] (out)
                                              2.838854   data arrival time

                                 25.000000   25.000000   clock clk (rise edge)
                                  0.000000   25.000000   clock network delay (propagated)
                                 -0.250000   24.750000   clock uncertainty
                                  0.000000   24.750000   clock reconvergence pessimism
                                 -5.000000   19.750000   output external delay
                                             19.750000   data required time
---------------------------------------------------------------------------------------------
                                             19.750000   data required time
                                             -2.838854   data arrival time
---------------------------------------------------------------------------------------------
                                             16.911144   slack (MET)




===========================================================================
report_checks --slack_max -0.01
============================================================================
======================= min_tt_025C_1v80 Corner ===================================

No paths found.


===========================================================================
 report_check_types -max_slew -max_cap -max_fanout -violators
============================================================================
======================= min_tt_025C_1v80 Corner ===================================

max fanout

Pin                                   Limit Fanout  Slack
---------------------------------------------------------
_2484_/X                                 10     17     -7 (VIOLATED)
_4799_/Q                                 10     17     -7 (VIOLATED)
_4801_/Q                                 10     17     -7 (VIOLATED)
_4834_/Q                                 10     16     -6 (VIOLATED)
_5399_/Q                                 10     15     -5 (VIOLATED)
_4800_/Q                                 10     13     -3 (VIOLATED)
_4828_/Q                                 10     13     -3 (VIOLATED)
_4817_/Q                                 10     12     -2 (VIOLATED)
_4827_/Q                                 10     12     -2 (VIOLATED)
_5398_/Q                                 10     12     -2 (VIOLATED)
clkbuf_5_28__f_clk/X                     10     12     -2 (VIOLATED)
clkbuf_5_30__f_clk/X                     10     12     -2 (VIOLATED)
fanout560/X                              10     12     -2 (VIOLATED)
fanout619/X                              10     12     -2 (VIOLATED)
input149/X                               10     12     -2 (VIOLATED)
input207/X                               10     12     -2 (VIOLATED)
_4748_/Q                                 10     11        (VIOLATED)
_4770_/Q                                 10     11        (VIOLATED)
_4798_/Q                                 10     11        (VIOLATED)
_4830_/Q                                 10     11        (VIOLATED)
_5365_/Q                                 10     11        (VIOLATED)
_5367_/Q                                 10     11        (VIOLATED)
clkbuf_5_22__f_clk/X                     10     11        (VIOLATED)
clkbuf_5_7__f_clk/X                      10     11        (VIOLATED)
fanout519/X                              10     11        (VIOLATED)
fanout566/X                              10     11        (VIOLATED)
fanout653/X                              10     11        (VIOLATED)
max_cap563/X                             10     11        (VIOLATED)

max capacitance

Pin                                        Limit         Cap       Slack
------------------------------------------------------------------------
_4815_/Q                                0.200000    0.233930   -0.033930 (VIOLATED)
wire589/X                               0.200000    0.227574   -0.027574 (VIOLATED)
fanout523/X                             0.200000    0.225668   -0.025668 (VIOLATED)
fanout702/X                             0.200000    0.224842   -0.024842 (VIOLATED)
max_cap544/X                            0.200000    0.224800   -0.024800 (VIOLATED)
wire524/X                               0.200000    0.224177   -0.024177 (VIOLATED)
fanout566/X                             0.200000    0.222214   -0.022214 (VIOLATED)
wire583/X                               0.200000    0.214803   -0.014803 (VIOLATED)
fanout602/X                             0.200000    0.212702   -0.012702 (VIOLATED)
fanout616/X                             0.200000    0.211398   -0.011398 (VIOLATED)
fanout519/X                             0.200000    0.211029   -0.011029 (VIOLATED)
_4747_/Q                                0.200000    0.210136   -0.010136 (VIOLATED)
fanout811/X                             0.200000    0.210089   -0.010089 (VIOLATED)
wire629/X                               0.200000    0.209862   -0.009862 (VIOLATED)
fanout548/X                             0.200000    0.209124   -0.009124 (VIOLATED)
max_cap563/X                            0.200000    0.208131   -0.008131 (VIOLATED)
fanout533/X                             0.200000    0.206833   -0.006833 (VIOLATED)
max_cap812/X                            0.200000    0.206764   -0.006764 (VIOLATED)
fanout674/X                             0.200000    0.204999   -0.004999 (VIOLATED)
fanout727/X                             0.200000    0.200634   -0.000634 (VIOLATED)



===========================================================================
report_parasitic_annotation -report_unannotated
============================================================================
Found 179 unannotated drivers.
 clkload0/Y
 clkload1/X
 clkload10/Y
 clkload100/X
 clkload101/X
 clkload102/X
 clkload103/X
 clkload104/X
 clkload105/X
 clkload106/X
 clkload107/Y
 clkload108/Y
 clkload109/Y
 clkload11/Y
 clkload110/Y
 clkload111/X
 clkload112/X
 clkload113/X
 clkload114/Y
 clkload115/X
 clkload116/X
 clkload117/X
 clkload118/X
 clkload119/Y
 clkload12/Y
 clkload120/Y
 clkload121/Y
 clkload122/Y
 clkload123/X
 clkload124/Y
 clkload125/Y
 clkload126/Y
 clkload127/X
 clkload128/Y
 clkload129/X
 clkload13/Y
 clkload130/X
 clkload131/X
 clkload132/Y
 clkload133/X
 clkload134/X
 clkload135/X
 clkload136/X
 clkload137/X
 clkload138/X
 clkload139/X
 clkload14/Y
 clkload140/X
 clkload141/X
 clkload142/X
 clkload143/X
 clkload144/X
 clkload145/X
 clkload146/X
 clkload147/X
 clkload148/X
 clkload149/X
 clkload15/Y
 clkload150/Y
 clkload151/Y
 clkload152/Y
 clkload153/X
 clkload154/X
 clkload155/X
 clkload156/Y
 clkload157/X
 clkload158/X
 clkload159/X
 clkload16/Y
 clkload160/X
 clkload161/X
 clkload162/X
 clkload163/X
 clkload164/Y
 clkload165/X
 clkload166/X
 clkload167/X
 clkload168/Y
 clkload169/X
 clkload17/X
 clkload170/Y
 clkload171/X
 clkload172/X
 clkload173/Y
 clkload174/X
 clkload175/X
 clkload176/X
 clkload177/X
 clkload178/X
 clkload18/X
 clkload19/Y
 clkload2/Y
 clkload20/X
 clkload21/X
 clkload22/X
 clkload23/X
 clkload24/X
 clkload25/X
 clkload26/X
 clkload27/X
 clkload28/X
 clkload29/X
 clkload3/X
 clkload30/X
 clkload31/X
 clkload32/X
 clkload33/X
 clkload34/X
 clkload35/X
 clkload36/X
 clkload37/X
 clkload38/X
 clkload39/X
 clkload4/Y
 clkload40/X
 clkload41/Y
 clkload42/X
 clkload43/X
 clkload44/X
 clkload45/X
 clkload46/X
 clkload47/X
 clkload48/X
 clkload49/Y
 clkload5/Y
 clkload50/Y
 clkload51/Y
 clkload52/X
 clkload53/X
 clkload54/X
 clkload55/X
 clkload56/X
 clkload57/X
 clkload58/X
 clkload59/X
 clkload6/Y
 clkload60/X
 clkload61/Y
 clkload62/X
 clkload63/Y
 clkload64/X
 clkload65/X
 clkload66/X
 clkload67/X
 clkload68/Y
 clkload69/X
 clkload7/X
 clkload70/X
 clkload71/X
 clkload72/Y
 clkload73/X
 clkload74/Y
 clkload75/X
 clkload76/X
 clkload77/X
 clkload78/X
 clkload79/X
 clkload8/Y
 clkload80/X
 clkload81/X
 clkload82/Y
 clkload83/Y
 clkload84/X
 clkload85/Y
 clkload86/X
 clkload87/X
 clkload88/X
 clkload89/X
 clkload9/Y
 clkload90/X
 clkload91/X
 clkload92/Y
 clkload93/X
 clkload94/X
 clkload95/X
 clkload96/X
 clkload97/X
 clkload98/X
 clkload99/X
Found 0 partially unannotated drivers.

===========================================================================
max slew violation count 0
max fanout violation count 28
max cap violation count 20
============================================================================

===========================================================================
check_setup -verbose -unconstrained_endpoints -multiple_clock -no_clock -no_input_delay -loops -generated_clocks
===========================================================================
