Clock: clk
Sources: clk 
Generated: no
Virtual: yes
Propagated: no
Period: 25.000000

===========================================================================
report_clock_properties
============================================================================
Clock                   Period          Waveform
----------------------------------------------------
clk                  25.000000    0.000000 12.500000

===========================================================================
report_clock_latency
============================================================================
Clock clk
rise -> rise
    min     max
0.000000 0.000000 source latency
1.519058         network latency _4778_/CLK
        1.787216 network latency _4956_/CLK
---------------
1.519058 1.787216 latency
        0.268158 skew

fall -> fall
    min     max
0.000000 0.000000 source latency
1.282251         network latency _4778_/CLK
        1.529622 network latency _4956_/CLK
---------------
1.282251 1.529622 latency
        0.247371 skew



===========================================================================
report_clock_min_period
============================================================================
clk period_min = 6.44 fmax = 155.22
