
Magic 8.3 revision 489 - Compiled on Thu Aug 22 13:45:15 UTC 2024.
Starting magic under Tcl interpreter
Using the terminal as the console.
Using NULL graphics device.
Processing system .magicrc file
Sourcing design .magicrc for technology sky130A ...
2 Magic internal units = 1 Lambda
Input style sky130(): scaleFactor=2, multiplier=2
The following types are not handled by extraction and will be treated as non-electrical types:
    ubm 
Scaled tech values by 2 / 1 to match internal grid scaling
Loading sky130A Device Generator Menu ...
Loading "/nix/store/ss2cw3sxbrwwx9jl0rrppbw4kgcmgi2n-python3-3.11.9-env/lib/python3.11/site-packages/openlane/scripts/magic/wrapper.tcl" from command line.
> lef read /home/stonepine/.volare/volare/sky130/versions/0fe599b2afb6708d281543108caf8310912f54af/sky130A/libs.ref/sky130_fd_sc_hd/techlef/sky130_fd_sc_hd__nom.tlef
Reading LEF data from file /home/stonepine/.volare/volare/sky130/versions/0fe599b2afb6708d281543108caf8310912f54af/sky130A/libs.ref/sky130_fd_sc_hd/techlef/sky130_fd_sc_hd__nom.tlef.
This action cannot be undone.
LEF read, Line 82 (Message): Unknown keyword "ANTENNAMODEL" in LEF file; ignoring.
LEF read, Line 83 (Message): Unknown keyword "ANTENNADIFFSIDEAREARATIO" in LEF file; ignoring.
LEF read, Line 116 (Message): Unknown keyword "MINENCLOSEDAREA" in LEF file; ignoring.
LEF read, Line 118 (Message): Unknown keyword "ANTENNAMODEL" in LEF file; ignoring.
LEF read, Line 119 (Message): Unknown keyword "ANTENNADIFFSIDEAREARATIO" in LEF file; ignoring.
LEF read, Line 125 (Message): Unknown keyword "MAXIMUMDENSITY" in LEF file; ignoring.
LEF read, Line 126 (Message): Unknown keyword "DENSITYCHECKWINDOW" in LEF file; ignoring.
LEF read, Line 127 (Message): Unknown keyword "DENSITYCHECKSTEP" in LEF file; ignoring.
LEF read, Line 160 (Message): Unknown keyword "MINENCLOSEDAREA" in LEF file; ignoring.
LEF read, Line 168 (Message): Unknown keyword "ANTENNAMODEL" in LEF file; ignoring.
LEF read, Line 169 (Message): Unknown keyword "ANTENNADIFFSIDEAREARATIO" in LEF file; ignoring.
LEF read, Line 171 (Message): Unknown keyword "MAXIMUMDENSITY" in LEF file; ignoring.
LEF read, Line 172 (Message): Unknown keyword "DENSITYCHECKWINDOW" in LEF file; ignoring.
LEF read, Line 173 (Message): Unknown keyword "DENSITYCHECKSTEP" in LEF file; ignoring.
LEF read, Line 210 (Message): Unknown keyword "ANTENNAMODEL" in LEF file; ignoring.
LEF read, Line 211 (Message): Unknown keyword "ANTENNADIFFSIDEAREARATIO" in LEF file; ignoring.
LEF read, Line 213 (Message): Unknown keyword "MAXIMUMDENSITY" in LEF file; ignoring.
LEF read, Line 214 (Message): Unknown keyword "DENSITYCHECKWINDOW" in LEF file; ignoring.
LEF read, Line 215 (Message): Unknown keyword "DENSITYCHECKSTEP" in LEF file; ignoring.
LEF read, Line 252 (Message): Unknown keyword "ANTENNAMODEL" in LEF file; ignoring.
LEF read, Line 253 (Message): Unknown keyword "ANTENNADIFFSIDEAREARATIO" in LEF file; ignoring.
LEF read, Line 255 (Message): Unknown keyword "MAXIMUMDENSITY" in LEF file; ignoring.
LEF read, Line 256 (Message): Unknown keyword "DENSITYCHECKWINDOW" in LEF file; ignoring.
LEF read, Line 257 (Message): Unknown keyword "DENSITYCHECKSTEP" in LEF file; ignoring.
LEF read, Line 294 (Message): Unknown keyword "ANTENNAMODEL" in LEF file; ignoring.
LEF read, Line 295 (Message): Unknown keyword "ANTENNADIFFSIDEAREARATIO" in LEF file; ignoring.
LEF read: Processed 801 lines.
> lef read /home/stonepine/.volare/volare/sky130/versions/0fe599b2afb6708d281543108caf8310912f54af/sky130A/libs.ref/sky130_fd_sc_hd/lef/sky130_fd_sc_hd.lef
Reading LEF data from file /home/stonepine/.volare/volare/sky130/versions/0fe599b2afb6708d281543108caf8310912f54af/sky130A/libs.ref/sky130_fd_sc_hd/lef/sky130_fd_sc_hd.lef.
This action cannot be undone.
LEF read: Processed 56536 lines.
> lef read /home/stonepine/.volare/volare/sky130/versions/0fe599b2afb6708d281543108caf8310912f54af/sky130A/libs.ref/sky130_fd_sc_hd/lef/sky130_ef_sc_hd.lef
Reading LEF data from file /home/stonepine/.volare/volare/sky130/versions/0fe599b2afb6708d281543108caf8310912f54af/sky130A/libs.ref/sky130_fd_sc_hd/lef/sky130_ef_sc_hd.lef.
This action cannot be undone.
LEF read: Processed 278 lines.
> def read /home/stonepine/ECE510-AI_ML_HW/ECE510-challenges/challenge-17/verilog/runs/RUN_2025-05-03_12-39-51/52-odb-cellfrequencytables/systolic_sorter.def -noblockage -labels
Reading DEF data from file /home/stonepine/ECE510-AI_ML_HW/ECE510-challenges/challenge-17/verilog/runs/RUN_2025-05-03_12-39-51/52-odb-cellfrequencytables/systolic_sorter.def.
This action cannot be undone.
  Processed 4 vias total.
  Processed 303510 subcell instances total.
  Processed 517 pins total.
  Processed 2 special nets total.
  Processed 4854 nets total.
DEF read: Processed 406011 lines.
Moving label "_0152_" from metal1 to via1 in cell systolic_sorter.
Moving label "_0221_" from metal2 to via1 in cell systolic_sorter.
Moving label "_0314_" from metal1 to via1 in cell systolic_sorter.
Moving label "_0459_" from metal2 to via1 in cell systolic_sorter.
Moving label "_0569_" from metal1 to via1 in cell systolic_sorter.
Moving label "_1310_" from metal2 to via1 in cell systolic_sorter.
Moving label "_1632_" from metal1 to via1 in cell systolic_sorter.
Moving label "_1730_" from metal1 to viali in cell systolic_sorter.
Moving label "_2015_" from metal1 to via1 in cell systolic_sorter.
Moving label "clknet_5_31__leaf_clk" from metal1 to via1 in cell systolic_sorter.
Moving label "clknet_5_4__leaf_clk" from metal1 to via1 in cell systolic_sorter.
Moving label "gen_left\[1\]\[14\]" from metal1 to via1 in cell systolic_sorter.
Moving label "gen_left\[1\]\[15\]" from metal1 to via1 in cell systolic_sorter.
Moving label "gen_left\[3\]\[14\]" from metal1 to viali in cell systolic_sorter.
Moving label "gen_left\[5\]\[28\]" from metal1 to viali in cell systolic_sorter.
Moving label "gen_left\[6\]\[4\]" from metal1 to via1 in cell systolic_sorter.
Moving label "gen_pe\[1\].pe_inst.out_right\[25\]" from metal1 to via1 in cell systolic_sorter.
Moving label "gen_pe\[1\].pe_inst.out_right\[7\]" from metal1 to via1 in cell systolic_sorter.
Moving label "gen_pe\[5\].pe_inst.out_right\[15\]" from metal1 to viali in cell systolic_sorter.
Moving label "in_data_flat[110]" from metal2 to via2 in cell systolic_sorter.
Moving label "in_data_flat[137]" from metal2 to via2 in cell systolic_sorter.
Moving label "in_data_flat[139]" from metal2 to via2 in cell systolic_sorter.
Moving label "in_data_flat[143]" from metal2 to via2 in cell systolic_sorter.
Moving label "in_data_flat[171]" from metal2 to via2 in cell systolic_sorter.
Moving label "in_data_flat[2]" from metal2 to via2 in cell systolic_sorter.
Moving label "in_data_flat[45]" from metal2 to via2 in cell systolic_sorter.
Moving label "net1077" from metal1 to viali in cell systolic_sorter.
Moving label "net1113" from metal1 to via1 in cell systolic_sorter.
Moving label "net112" from metal1 to viali in cell systolic_sorter.
Moving label "net1123" from metal1 to via1 in cell systolic_sorter.
Moving label "net1125" from metal1 to via1 in cell systolic_sorter.
Moving label "net1135" from metal1 to viali in cell systolic_sorter.
Moving label "net1143" from metal1 to viali in cell systolic_sorter.
Moving label "net1147" from metal1 to via1 in cell systolic_sorter.
Moving label "net1151" from metal1 to via1 in cell systolic_sorter.
Moving label "net1159" from metal1 to via1 in cell systolic_sorter.
Moving label "net138" from metal2 to via2 in cell systolic_sorter.
Moving label "net173" from metal2 to via2 in cell systolic_sorter.
Moving label "net207" from metal2 to via2 in cell systolic_sorter.
Moving label "net225" from metal2 to via1 in cell systolic_sorter.
Moving label "net289" from metal1 to viali in cell systolic_sorter.
Moving label "net345" from metal1 to viali in cell systolic_sorter.
Moving label "net421" from metal2 to via1 in cell systolic_sorter.
Moving label "net434" from metal1 to via1 in cell systolic_sorter.
Moving label "net461" from metal1 to viali in cell systolic_sorter.
Moving label "net496" from metal1 to viali in cell systolic_sorter.
Moving label "net515" from metal1 to via1 in cell systolic_sorter.
Moving label "net543" from metal1 to via1 in cell systolic_sorter.
Moving label "net552" from metal2 to via2 in cell systolic_sorter.
Moving label "net618" from metal2 to via1 in cell systolic_sorter.
Moving label "net624" from metal1 to via1 in cell systolic_sorter.
Moving label "net638" from metal1 to via1 in cell systolic_sorter.
Moving label "net642" from metal1 to via1 in cell systolic_sorter.
Moving label "net661" from metal1 to via1 in cell systolic_sorter.
Moving label "net664" from metal1 to via1 in cell systolic_sorter.
Moving label "net750" from metal2 to via1 in cell systolic_sorter.
Moving label "net803" from metal2 to via2 in cell systolic_sorter.
Moving label "net826" from metal1 to viali in cell systolic_sorter.
Moving label "net830" from metal1 to viali in cell systolic_sorter.
Moving label "net879" from metal2 to via1 in cell systolic_sorter.
Moving label "net909" from metal1 to via1 in cell systolic_sorter.
Moving label "net948" from metal2 to via1 in cell systolic_sorter.
Moving label "net965" from metal1 to via1 in cell systolic_sorter.
Moving label "net973" from metal1 to via1 in cell systolic_sorter.
Moving label "out_data_flat[104]" from metal2 to via2 in cell systolic_sorter.
Moving label "out_data_flat[110]" from metal2 to via2 in cell systolic_sorter.
Moving label "out_data_flat[137]" from metal2 to via2 in cell systolic_sorter.
Moving label "out_data_flat[13]" from metal2 to via2 in cell systolic_sorter.
Moving label "out_data_flat[140]" from metal2 to via2 in cell systolic_sorter.
Moving label "out_data_flat[141]" from metal2 to via2 in cell systolic_sorter.
Moving label "out_data_flat[143]" from metal2 to via2 in cell systolic_sorter.
Moving label "out_data_flat[14]" from metal2 to via2 in cell systolic_sorter.
Moving label "out_data_flat[168]" from metal2 to via2 in cell systolic_sorter.
Moving label "out_data_flat[169]" from metal2 to via2 in cell systolic_sorter.
Moving label "out_data_flat[171]" from metal2 to via2 in cell systolic_sorter.
Moving label "out_data_flat[173]" from metal2 to via2 in cell systolic_sorter.
Moving label "out_data_flat[175]" from metal2 to via2 in cell systolic_sorter.
Moving label "out_data_flat[207]" from metal2 to via2 in cell systolic_sorter.
Moving label "out_data_flat[2]" from metal2 to via2 in cell systolic_sorter.
Moving label "out_data_flat[33]" from metal2 to via2 in cell systolic_sorter.
Moving label "out_data_flat[39]" from metal2 to via2 in cell systolic_sorter.
Moving label "out_data_flat[44]" from metal2 to via2 in cell systolic_sorter.
Moving label "out_data_flat[46]" from metal2 to via2 in cell systolic_sorter.
Moving label "out_data_flat[66]" from metal2 to via2 in cell systolic_sorter.
Moving label "out_data_flat[67]" from metal2 to via2 in cell systolic_sorter.
Moving label "out_data_flat[72]" from metal2 to via2 in cell systolic_sorter.
Moving label "out_data_flat[73]" from metal2 to via2 in cell systolic_sorter.
Moving label "out_data_flat[74]" from metal2 to via2 in cell systolic_sorter.
Moving label "out_data_flat[96]" from metal2 to via2 in cell systolic_sorter.
Processing systolic_sorter
Extracting sky130_ef_sc_hd__decap_12 into sky130_ef_sc_hd__decap_12.ext:
Extracting sky130_fd_sc_hd__decap_3 into sky130_fd_sc_hd__decap_3.ext:
Extracting sky130_fd_sc_hd__fill_1 into sky130_fd_sc_hd__fill_1.ext:
Extracting sky130_fd_sc_hd__tapvpwrvgnd_1 into sky130_fd_sc_hd__tapvpwrvgnd_1.ext:
Extracting sky130_fd_sc_hd__decap_4 into sky130_fd_sc_hd__decap_4.ext:
Extracting sky130_fd_sc_hd__decap_6 into sky130_fd_sc_hd__decap_6.ext:
Extracting sky130_fd_sc_hd__buf_2 into sky130_fd_sc_hd__buf_2.ext:
Extracting sky130_fd_sc_hd__buf_4 into sky130_fd_sc_hd__buf_4.ext:
Extracting sky130_fd_sc_hd__fill_2 into sky130_fd_sc_hd__fill_2.ext:
Extracting sky130_fd_sc_hd__clkbuf_4 into sky130_fd_sc_hd__clkbuf_4.ext:
Extracting sky130_fd_sc_hd__clkbuf_1 into sky130_fd_sc_hd__clkbuf_1.ext:
Extracting sky130_fd_sc_hd__diode_2 into sky130_fd_sc_hd__diode_2.ext:
Extracting sky130_fd_sc_hd__decap_8 into sky130_fd_sc_hd__decap_8.ext:
Extracting sky130_fd_sc_hd__buf_1 into sky130_fd_sc_hd__buf_1.ext:
Extracting sky130_fd_sc_hd__clkbuf_8 into sky130_fd_sc_hd__clkbuf_8.ext:
Extracting sky130_fd_sc_hd__buf_8 into sky130_fd_sc_hd__buf_8.ext:
Extracting sky130_fd_sc_hd__dlymetal6s2s_1 into sky130_fd_sc_hd__dlymetal6s2s_1.ext:
Extracting sky130_fd_sc_hd__inv_2 into sky130_fd_sc_hd__inv_2.ext:
Extracting sky130_fd_sc_hd__a22o_1 into sky130_fd_sc_hd__a22o_1.ext:
Extracting sky130_fd_sc_hd__dlygate4sd3_1 into sky130_fd_sc_hd__dlygate4sd3_1.ext:
Extracting sky130_fd_sc_hd__mux2_1 into sky130_fd_sc_hd__mux2_1.ext:
Extracting sky130_fd_sc_hd__and2_1 into sky130_fd_sc_hd__and2_1.ext:
Extracting sky130_fd_sc_hd__dfrtp_4 into sky130_fd_sc_hd__dfrtp_4.ext:
Extracting sky130_fd_sc_hd__a21o_1 into sky130_fd_sc_hd__a21o_1.ext:
Extracting sky130_fd_sc_hd__dfrtp_1 into sky130_fd_sc_hd__dfrtp_1.ext:
Extracting sky130_fd_sc_hd__clkinv_2 into sky130_fd_sc_hd__clkinv_2.ext:
Extracting sky130_fd_sc_hd__dfrtp_2 into sky130_fd_sc_hd__dfrtp_2.ext:
Extracting sky130_fd_sc_hd__a221o_1 into sky130_fd_sc_hd__a221o_1.ext:
Extracting sky130_fd_sc_hd__clkinv_8 into sky130_fd_sc_hd__clkinv_8.ext:
Extracting sky130_fd_sc_hd__and2b_1 into sky130_fd_sc_hd__and2b_1.ext:
Extracting sky130_fd_sc_hd__clkbuf_16 into sky130_fd_sc_hd__clkbuf_16.ext:
Extracting sky130_fd_sc_hd__nand2b_1 into sky130_fd_sc_hd__nand2b_1.ext:
Extracting sky130_fd_sc_hd__a21bo_1 into sky130_fd_sc_hd__a21bo_1.ext:
Extracting sky130_fd_sc_hd__clkinvlp_4 into sky130_fd_sc_hd__clkinvlp_4.ext:
Extracting sky130_fd_sc_hd__xnor2_1 into sky130_fd_sc_hd__xnor2_1.ext:
Extracting sky130_fd_sc_hd__nor2_1 into sky130_fd_sc_hd__nor2_1.ext:
Extracting sky130_fd_sc_hd__and4b_1 into sky130_fd_sc_hd__and4b_1.ext:
Extracting sky130_fd_sc_hd__inv_8 into sky130_fd_sc_hd__inv_8.ext:
Extracting sky130_fd_sc_hd__and4_1 into sky130_fd_sc_hd__and4_1.ext:
Extracting sky130_fd_sc_hd__a21oi_1 into sky130_fd_sc_hd__a21oi_1.ext:
Extracting sky130_fd_sc_hd__clkbuf_2 into sky130_fd_sc_hd__clkbuf_2.ext:
Extracting sky130_fd_sc_hd__a31o_4 into sky130_fd_sc_hd__a31o_4.ext:
Extracting sky130_fd_sc_hd__or4_1 into sky130_fd_sc_hd__or4_1.ext:
Extracting sky130_fd_sc_hd__o211a_4 into sky130_fd_sc_hd__o211a_4.ext:
Extracting sky130_fd_sc_hd__o22ai_1 into sky130_fd_sc_hd__o22ai_1.ext:
Extracting sky130_fd_sc_hd__o221a_1 into sky130_fd_sc_hd__o221a_1.ext:
Extracting sky130_fd_sc_hd__or4b_1 into sky130_fd_sc_hd__or4b_1.ext:
Extracting sky130_fd_sc_hd__o22a_1 into sky130_fd_sc_hd__o22a_1.ext:
Extracting sky130_fd_sc_hd__a211o_1 into sky130_fd_sc_hd__a211o_1.ext:
Extracting sky130_fd_sc_hd__a2bb2o_1 into sky130_fd_sc_hd__a2bb2o_1.ext:
Extracting sky130_fd_sc_hd__nand2_1 into sky130_fd_sc_hd__nand2_1.ext:
Extracting sky130_fd_sc_hd__or3_1 into sky130_fd_sc_hd__or3_1.ext:
Extracting sky130_fd_sc_hd__or2_4 into sky130_fd_sc_hd__or2_4.ext:
Extracting sky130_fd_sc_hd__bufinv_16 into sky130_fd_sc_hd__bufinv_16.ext:
Extracting sky130_fd_sc_hd__or4bb_1 into sky130_fd_sc_hd__or4bb_1.ext:
Extracting sky130_fd_sc_hd__o2bb2a_1 into sky130_fd_sc_hd__o2bb2a_1.ext:
Extracting sky130_fd_sc_hd__o31a_1 into sky130_fd_sc_hd__o31a_1.ext:
Extracting sky130_fd_sc_hd__o32a_4 into sky130_fd_sc_hd__o32a_4.ext:
Extracting sky130_fd_sc_hd__or4b_4 into sky130_fd_sc_hd__or4b_4.ext:
Extracting sky130_fd_sc_hd__xor2_1 into sky130_fd_sc_hd__xor2_1.ext:
Extracting sky130_fd_sc_hd__o32a_1 into sky130_fd_sc_hd__o32a_1.ext:
Extracting sky130_fd_sc_hd__o31a_4 into sky130_fd_sc_hd__o31a_4.ext:
Extracting sky130_fd_sc_hd__nor2_4 into sky130_fd_sc_hd__nor2_4.ext:
Extracting sky130_fd_sc_hd__o22a_4 into sky130_fd_sc_hd__o22a_4.ext:
Extracting sky130_fd_sc_hd__a22o_4 into sky130_fd_sc_hd__a22o_4.ext:
Extracting sky130_fd_sc_hd__o21a_1 into sky130_fd_sc_hd__o21a_1.ext:
Extracting sky130_fd_sc_hd__nor4_1 into sky130_fd_sc_hd__nor4_1.ext:
Extracting sky130_fd_sc_hd__mux2_8 into sky130_fd_sc_hd__mux2_8.ext:
Extracting sky130_fd_sc_hd__o211a_1 into sky130_fd_sc_hd__o211a_1.ext:
Extracting sky130_fd_sc_hd__clkinv_4 into sky130_fd_sc_hd__clkinv_4.ext:
Extracting sky130_fd_sc_hd__o21ba_1 into sky130_fd_sc_hd__o21ba_1.ext:
Extracting sky130_fd_sc_hd__and4bb_2 into sky130_fd_sc_hd__and4bb_2.ext:
Extracting sky130_fd_sc_hd__a2bb2o_2 into sky130_fd_sc_hd__a2bb2o_2.ext:
Extracting sky130_fd_sc_hd__inv_6 into sky130_fd_sc_hd__inv_6.ext:
Extracting sky130_fd_sc_hd__or3_2 into sky130_fd_sc_hd__or3_2.ext:
Extracting sky130_fd_sc_hd__o22ai_2 into sky130_fd_sc_hd__o22ai_2.ext:
Extracting sky130_fd_sc_hd__a2111o_1 into sky130_fd_sc_hd__a2111o_1.ext:
Extracting sky130_fd_sc_hd__o21bai_1 into sky130_fd_sc_hd__o21bai_1.ext:
Extracting sky130_fd_sc_hd__o2111a_1 into sky130_fd_sc_hd__o2111a_1.ext:
Extracting sky130_fd_sc_hd__o311a_2 into sky130_fd_sc_hd__o311a_2.ext:
Extracting sky130_fd_sc_hd__and3b_1 into sky130_fd_sc_hd__and3b_1.ext:
Extracting sky130_fd_sc_hd__o2111a_2 into sky130_fd_sc_hd__o2111a_2.ext:
Extracting sky130_fd_sc_hd__or2_1 into sky130_fd_sc_hd__or2_1.ext:
Extracting sky130_fd_sc_hd__o21ai_4 into sky130_fd_sc_hd__o21ai_4.ext:
Extracting sky130_fd_sc_hd__a311o_2 into sky130_fd_sc_hd__a311o_2.ext:
Extracting sky130_fd_sc_hd__a22oi_1 into sky130_fd_sc_hd__a22oi_1.ext:
Extracting sky130_fd_sc_hd__or4b_2 into sky130_fd_sc_hd__or4b_2.ext:
Extracting sky130_fd_sc_hd__inv_4 into sky130_fd_sc_hd__inv_4.ext:
Extracting sky130_fd_sc_hd__o211ai_4 into sky130_fd_sc_hd__o211ai_4.ext:
Extracting sky130_fd_sc_hd__buf_12 into sky130_fd_sc_hd__buf_12.ext:
Extracting sky130_fd_sc_hd__mux2_4 into sky130_fd_sc_hd__mux2_4.ext:
Extracting sky130_fd_sc_hd__or3b_1 into sky130_fd_sc_hd__or3b_1.ext:
Extracting sky130_fd_sc_hd__a311o_1 into sky130_fd_sc_hd__a311o_1.ext:
Extracting sky130_fd_sc_hd__a221o_2 into sky130_fd_sc_hd__a221o_2.ext:
Extracting sky130_fd_sc_hd__a21o_4 into sky130_fd_sc_hd__a21o_4.ext:
Extracting sky130_fd_sc_hd__and3_1 into sky130_fd_sc_hd__and3_1.ext:
Extracting sky130_fd_sc_hd__nand3b_1 into sky130_fd_sc_hd__nand3b_1.ext:
Extracting sky130_fd_sc_hd__nand4_4 into sky130_fd_sc_hd__nand4_4.ext:
Extracting sky130_fd_sc_hd__o21ai_1 into sky130_fd_sc_hd__o21ai_1.ext:
Extracting sky130_fd_sc_hd__o311a_4 into sky130_fd_sc_hd__o311a_4.ext:
Extracting sky130_fd_sc_hd__a31o_1 into sky130_fd_sc_hd__a31o_1.ext:
Extracting sky130_fd_sc_hd__o21ai_2 into sky130_fd_sc_hd__o21ai_2.ext:
Extracting sky130_fd_sc_hd__a32o_1 into sky130_fd_sc_hd__a32o_1.ext:
Extracting sky130_fd_sc_hd__buf_6 into sky130_fd_sc_hd__buf_6.ext:
Extracting sky130_fd_sc_hd__or4_2 into sky130_fd_sc_hd__or4_2.ext:
Extracting sky130_fd_sc_hd__or2_2 into sky130_fd_sc_hd__or2_2.ext:
Extracting sky130_fd_sc_hd__nand3_2 into sky130_fd_sc_hd__nand3_2.ext:
Extracting sky130_fd_sc_hd__a211o_4 into sky130_fd_sc_hd__a211o_4.ext:
Extracting sky130_fd_sc_hd__or4_4 into sky130_fd_sc_hd__or4_4.ext:
Extracting sky130_fd_sc_hd__a311o_4 into sky130_fd_sc_hd__a311o_4.ext:
Extracting sky130_fd_sc_hd__a41o_4 into sky130_fd_sc_hd__a41o_4.ext:
Extracting sky130_fd_sc_hd__nor2_8 into sky130_fd_sc_hd__nor2_8.ext:
Extracting sky130_fd_sc_hd__and4_4 into sky130_fd_sc_hd__and4_4.ext:
Extracting sky130_fd_sc_hd__o2111a_4 into sky130_fd_sc_hd__o2111a_4.ext:
Extracting sky130_fd_sc_hd__a221o_4 into sky130_fd_sc_hd__a221o_4.ext:
Extracting sky130_fd_sc_hd__a22oi_4 into sky130_fd_sc_hd__a22oi_4.ext:
Extracting sky130_fd_sc_hd__nand2_2 into sky130_fd_sc_hd__nand2_2.ext:
Extracting sky130_fd_sc_hd__o221a_4 into sky130_fd_sc_hd__o221a_4.ext:
Extracting sky130_fd_sc_hd__and2_4 into sky130_fd_sc_hd__and2_4.ext:
Extracting sky130_fd_sc_hd__mux2_2 into sky130_fd_sc_hd__mux2_2.ext:
Extracting sky130_fd_sc_hd__nand2_8 into sky130_fd_sc_hd__nand2_8.ext:
Extracting sky130_fd_sc_hd__nand2b_4 into sky130_fd_sc_hd__nand2b_4.ext:
Extracting sky130_fd_sc_hd__a2111o_2 into sky130_fd_sc_hd__a2111o_2.ext:
Extracting sky130_fd_sc_hd__o311a_1 into sky130_fd_sc_hd__o311a_1.ext:
Extracting sky130_fd_sc_hd__o2bb2a_4 into sky130_fd_sc_hd__o2bb2a_4.ext:
Extracting sky130_fd_sc_hd__or4bb_4 into sky130_fd_sc_hd__or4bb_4.ext:
Extracting sky130_fd_sc_hd__a32oi_4 into sky130_fd_sc_hd__a32oi_4.ext:
Extracting sky130_fd_sc_hd__and3b_4 into sky130_fd_sc_hd__and3b_4.ext:
Extracting sky130_fd_sc_hd__and3_4 into sky130_fd_sc_hd__and3_4.ext:
Extracting sky130_fd_sc_hd__or4bb_2 into sky130_fd_sc_hd__or4bb_2.ext:
Extracting sky130_fd_sc_hd__and2_2 into sky130_fd_sc_hd__and2_2.ext:
Extracting sky130_fd_sc_hd__a21oi_2 into sky130_fd_sc_hd__a21oi_2.ext:
Extracting sky130_fd_sc_hd__o221ai_1 into sky130_fd_sc_hd__o221ai_1.ext:
Extracting sky130_fd_sc_hd__a22oi_2 into sky130_fd_sc_hd__a22oi_2.ext:
Extracting sky130_fd_sc_hd__or3_4 into sky130_fd_sc_hd__or3_4.ext:
Extracting sky130_fd_sc_hd__and4b_4 into sky130_fd_sc_hd__and4b_4.ext:
Extracting sky130_fd_sc_hd__and2b_4 into sky130_fd_sc_hd__and2b_4.ext:
Extracting sky130_fd_sc_hd__or3b_4 into sky130_fd_sc_hd__or3b_4.ext:
Extracting sky130_fd_sc_hd__o211ai_2 into sky130_fd_sc_hd__o211ai_2.ext:
Extracting systolic_sorter into systolic_sorter.ext:
exttospice finished.
Using technology "sky130A", version 1.0.493-0-g0fe599b
