┏━━━━━━━┳━━━━━━━━━┳━━━━━━━━━━┳━━━━━━━━━━━━━━━━━━┳━━━━━━━━━━━━━━━━━━━━━┳━━━━━━━┓
┃ P / R ┃ Partial ┃ Required ┃ Net              ┃ Pin                 ┃ Layer ┃
┡━━━━━━━╇━━━━━━━━━╇━━━━━━━━━━╇━━━━━━━━━━━━━━━━━━╇━━━━━━━━━━━━━━━━━━━━━╇━━━━━━━┩
│ 8.86  │ 3543.67 │ 400.00   │ net499           │ _4491_/A0           │ met1  │
│ 8.77  │ 3507.31 │ 400.00   │ _0334_           │ _5025_/D            │ met1  │
│ 8.68  │ 3472.89 │ 400.00   │ net465           │ _4304_/A0           │ met1  │
│ 8.30  │ 3319.75 │ 400.00   │ _0335_           │ _5026_/D            │ met1  │
│ 8.01  │ 3204.67 │ 400.00   │ _0285_           │ _4914_/D            │ met1  │
│ 7.68  │ 3072.29 │ 400.00   │ _0433_           │ _5252_/D            │ met1  │
│ 7.64  │ 3056.89 │ 400.00   │ _1523_           │ _4648_/B            │ met1  │
│ 7.64  │ 3055.06 │ 400.00   │ _2163_           │ _2486_/C            │ met1  │
│ 7.52  │ 3008.08 │ 400.00   │ _0434_           │ _5253_/D            │ met1  │
│ 7.09  │ 2838.00 │ 400.00   │ _0385_           │ _5196_/D            │ met1  │
│ 6.35  │ 2540.72 │ 400.00   │ net583           │ fanout581/A         │ met1  │
│ 6.28  │ 2510.09 │ 400.00   │ net431           │ output431/A         │ met1  │
│ 6.15  │ 2460.89 │ 400.00   │ _1767_           │ _4177_/C            │ met1  │
│ 5.59  │ 2236.17 │ 400.00   │ net630           │ fanout604/A         │ met1  │
│ 5.33  │ 2132.19 │ 400.00   │ _1460_           │ _4558_/A            │ met1  │
│ 4.85  │ 1940.12 │ 400.00   │ net647           │ fanout636/A         │ met1  │
│ 4.82  │ 1929.04 │ 400.00   │ net32            │ _2788_/A2           │ met1  │
│ 4.80  │ 1920.56 │ 400.00   │ _0583_           │ _5275_/D            │ met1  │
│ 4.27  │ 1708.27 │ 400.00   │ _1816_           │ _4267_/A            │ met1  │
│ 4.21  │ 1682.05 │ 400.00   │ net173           │ _3884_/A2           │ met2  │
│ 4.17  │ 1669.63 │ 400.00   │ net47            │ _2814_/A2           │ met1  │
│ 4.02  │ 1606.80 │ 400.00   │ net584           │ fanout575/A         │ met1  │
│ 3.92  │ 1567.40 │ 400.00   │ net137           │ _2976_/A2           │ met1  │
│ 3.81  │ 1525.94 │ 400.00   │ _1478_           │ _4226_/A2           │ met1  │
│ 3.81  │ 1523.06 │ 400.00   │ net337           │ _4626_/A1           │ met1  │
│ 3.71  │ 1482.50 │ 400.00   │ _1948_           │ _4518_/A1           │ met1  │
│ 3.70  │ 1479.46 │ 400.00   │ net519           │ _2390_/S            │ met1  │
│ 3.68  │ 1472.70 │ 400.00   │ _1947_           │ _4518_/B1           │ met1  │
│ 3.68  │ 1470.82 │ 400.00   │ _1799_           │ _4236_/B2           │ met1  │
│ 3.45  │ 1378.40 │ 400.00   │ net511           │ _4409_/B            │ met1  │
│ 3.45  │ 1378.40 │ 400.00   │ net511           │ _4470_/A1           │ met1  │
│ 3.29  │ 1317.71 │ 400.00   │ net568           │ fanout565/A         │ met1  │
│ 3.29  │ 1317.71 │ 400.00   │ net568           │ fanout567/A         │ met1  │
│ 2.97  │ 1187.11 │ 400.00   │ net335           │ _4625_/A1           │ met1  │
│ 2.86  │ 1144.46 │ 400.00   │ net629           │ fanout627/A         │ met1  │
│ 2.82  │ 1129.51 │ 400.00   │ net629           │ fanout618/A         │ met1  │
│ 2.75  │ 1099.75 │ 400.00   │ net812           │ fanout810/A         │ met1  │
│ 2.67  │ 1069.70 │ 400.00   │ net812           │ fanout801/A         │ met1  │
│ 2.57  │ 1028.72 │ 400.00   │ _1696_           │ _4108_/B1           │ met1  │
│ 2.57  │ 1028.72 │ 400.00   │ _1696_           │ _4175_/B            │ met1  │
│ 2.52  │ 1007.86 │ 400.00   │ net659           │ _2878_/B1           │ met1  │
│ 2.51  │ 1004.82 │ 400.00   │ _1932_           │ _4436_/A3           │ met1  │
│ 2.51  │ 1004.35 │ 400.00   │ _1928_           │ _4436_/A2           │ met1  │
│ 2.45  │ 979.57  │ 400.00   │ net562           │ _2579_/S            │ met1  │
│ 2.42  │ 967.89  │ 400.00   │ net458           │ _4298_/A0           │ met1  │
│ 2.42  │ 966.24  │ 400.00   │ net566           │ _4083_/S            │ met1  │
│ 2.39  │ 957.64  │ 400.00   │ net667           │ fanout657/A         │ met1  │
│ 2.38  │ 950.27  │ 400.00   │ net803           │ _2878_/A1           │ met1  │
│ 2.33  │ 931.56  │ 400.00   │ net82            │ _2878_/A2           │ met1  │
│ 2.31  │ 923.25  │ 400.00   │ _2321_           │ _2881_/C1           │ met1  │
│ 2.23  │ 893.72  │ 400.00   │ net457           │ _4297_/A0           │ met1  │
│ 2.23  │ 893.39  │ 400.00   │ _1515_           │ _4683_/A1           │ met1  │
│ 2.19  │ 876.78  │ 400.00   │ net334           │ _2372_/A0           │ met1  │
│ 2.19  │ 876.78  │ 400.00   │ net334           │ _2404_/A1           │ met1  │
│ 2.13  │ 853.10  │ 400.00   │ _1827_           │ _4272_/A1           │ met1  │
│ 2.13  │ 851.39  │ 400.00   │ _1856_           │ _4372_/B1           │ met1  │
│ 2.08  │ 833.17  │ 400.00   │ _1834_           │ _4272_/A2           │ met1  │
│ 1.97  │ 786.31  │ 400.00   │ _1900_           │ _4404_/A            │ met1  │
│ 1.97  │ 786.31  │ 400.00   │ _1900_           │ _4421_/A1           │ met1  │
│ 1.95  │ 780.66  │ 400.00   │ net563           │ _2591_/S            │ met1  │
│ 1.95  │ 780.66  │ 400.00   │ net563           │ _4207_/S            │ met1  │
│ 1.89  │ 756.64  │ 400.00   │ _2101_           │ _4731_/B1           │ met1  │
│ 1.89  │ 755.35  │ 400.00   │ _1769_           │ _4176_/B1           │ met1  │
│ 1.88  │ 753.33  │ 400.00   │ _2030_           │ _4729_/B1           │ met1  │
│ 1.87  │ 747.14  │ 400.00   │ net374           │ output374/A         │ met1  │
│ 1.86  │ 745.55  │ 400.00   │ net372           │ output372/A         │ met1  │
│ 1.79  │ 716.95  │ 400.00   │ _1481_           │ _4228_/B1           │ met1  │
│ 1.79  │ 716.83  │ 400.00   │ net444           │ _4228_/B2           │ met1  │
│ 1.79  │ 716.67  │ 400.00   │ net378           │ output378/A         │ met1  │
│ 1.79  │ 716.51  │ 400.00   │ clk              │ clkbuf_0_clk/A      │ met1  │
│ 1.78  │ 710.86  │ 400.00   │ net373           │ output373/A         │ met1  │
│ 1.76  │ 704.28  │ 400.00   │ net337           │ _2374_/A0           │ met1  │
│ 1.75  │ 700.22  │ 400.00   │ net671           │ _4534_/A_N          │ met1  │
│ 1.75  │ 700.22  │ 400.00   │ net671           │ _4536_/B            │ met1  │
│ 1.72  │ 689.86  │ 400.00   │ net544           │ fanout535/A         │ met1  │
│ 1.72  │ 689.86  │ 400.00   │ net544           │ fanout536/A         │ met1  │
│ 1.72  │ 687.09  │ 400.00   │ net460           │ output460/A         │ met1  │
│ 1.71  │ 684.61  │ 400.00   │ net619           │ _2879_/A2           │ met1  │
│ 1.69  │ 676.50  │ 400.00   │ _1634_           │ wire590/A           │ met1  │
│ 1.68  │ 673.97  │ 400.00   │ net616           │ _2605_/A2           │ met1  │
│ 1.68  │ 671.97  │ 400.00   │ net798           │ _3872_/A1           │ met1  │
│ 1.64  │ 654.69  │ 400.00   │ net616           │ _2727_/A2           │ met1  │
│ 1.63  │ 4821.92 │ 2956.40  │ net149           │ _3928_/A2           │ met4  │
│ 1.57  │ 628.02  │ 400.00   │ clknet_1_0_0_clk │ clkbuf_2_0_0_clk/A  │ met1  │
│ 1.56  │ 4610.33 │ 2956.40  │ _2163_           │ _2486_/C            │ met2  │
│ 1.55  │ 621.43  │ 400.00   │ net524           │ fanout519/A         │ met1  │
│ 1.55  │ 5000.34 │ 3236.16  │ net207           │ _2642_/A2           │ met3  │
│ 1.49  │ 597.36  │ 400.00   │ net646           │ fanout641/A         │ met1  │
│ 1.48  │ 593.68  │ 400.00   │ net726           │ fanout721/A         │ met1  │
│ 1.42  │ 568.27  │ 400.00   │ _2089_           │ _4718_/C            │ met1  │
│ 1.42  │ 568.27  │ 400.00   │ _2089_           │ _4719_/C            │ met1  │
│ 1.39  │ 556.37  │ 400.00   │ net792           │ fanout791/A         │ met1  │
│ 1.38  │ 553.69  │ 400.00   │ net334           │ output334/A         │ met1  │
│ 1.38  │ 553.16  │ 400.00   │ net342           │ output342/A         │ met1  │
│ 1.38  │ 552.02  │ 400.00   │ net335           │ output335/A         │ met1  │
│ 1.33  │ 532.13  │ 400.00   │ net674           │ _2499_/A            │ met1  │
│ 1.32  │ 529.13  │ 400.00   │ net305           │ output305/A         │ met1  │
│ 1.31  │ 525.87  │ 400.00   │ net200           │ _2630_/A2           │ met1  │
│ 1.31  │ 522.22  │ 400.00   │ net560           │ _4208_/S            │ met1  │
│ 1.31  │ 522.22  │ 400.00   │ net560           │ _4211_/A2           │ met1  │
│ 1.29  │ 515.65  │ 400.00   │ _2103_           │ _4734_/A2           │ met1  │
│ 1.28  │ 512.89  │ 400.00   │ net49            │ _2818_/B            │ met1  │
│ 1.27  │ 508.86  │ 400.00   │ _1485_           │ _4232_/A2           │ met1  │
│ 1.27  │ 508.86  │ 400.00   │ _1485_           │ _4410_/B2           │ met1  │
│ 1.27  │ 508.86  │ 400.00   │ _1485_           │ _4433_/A1           │ met1  │
│ 1.25  │ 501.57  │ 400.00   │ net277           │ output277/A         │ met1  │
│ 1.25  │ 498.27  │ 400.00   │ net548           │ fanout547/A         │ met1  │
│ 1.24  │ 496.87  │ 400.00   │ net752           │ fanout742/A         │ met1  │
│ 1.23  │ 4063.61 │ 3312.80  │ net138           │ _2978_/A2           │ met4  │
│ 1.23  │ 3624.19 │ 2956.40  │ net497           │ _4457_/A1           │ met1  │
│ 1.22  │ 488.67  │ 400.00   │ net199           │ _2628_/A2           │ met1  │
│ 1.21  │ 482.09  │ 400.00   │ net564           │ fanout559/A         │ met1  │
│ 1.20  │ 478.22  │ 400.00   │ net14            │ _2754_/B            │ met1  │
│ 1.19  │ 474.11  │ 400.00   │ _1843_           │ _4280_/B            │ met1  │
│ 1.18  │ 472.95  │ 400.00   │ net496           │ output496/A         │ met1  │
│ 1.18  │ 470.24  │ 400.00   │ clknet_2_0_0_clk │ clkbuf_4_3_0_clk/A  │ met1  │
│ 1.17  │ 3460.33 │ 2956.40  │ _0375_           │ _5038_/D            │ met2  │
│ 1.16  │ 465.20  │ 400.00   │ net306           │ output306/A         │ met1  │
│ 1.16  │ 464.60  │ 400.00   │ net446           │ _3996_/B            │ met1  │
│ 1.16  │ 464.60  │ 400.00   │ net446           │ _3999_/A            │ met1  │
│ 1.16  │ 464.60  │ 400.00   │ net446           │ _4226_/B2           │ met1  │
│ 1.14  │ 457.10  │ 400.00   │ clknet_2_3_0_clk │ clkbuf_4_14_0_clk/A │ met1  │
│ 1.13  │ 3342.98 │ 2956.40  │ _0378_           │ _5039_/D            │ met2  │
│ 1.13  │ 3335.42 │ 2956.40  │ net458           │ _4330_/A1           │ met1  │
│ 1.11  │ 3285.36 │ 2956.40  │ net457           │ _4329_/A1           │ met1  │
│ 1.11  │ 3662.16 │ 3312.80  │ net173           │ _3884_/A2           │ met3  │
│ 1.10  │ 441.22  │ 400.00   │ net553           │ max_cap554/A        │ met1  │
│ 1.10  │ 440.46  │ 400.00   │ net304           │ output304/A         │ met1  │
│ 1.10  │ 440.42  │ 400.00   │ _1428_           │ _4500_/A1           │ met1  │
│ 1.10  │ 440.19  │ 400.00   │ net809           │ fanout808/A         │ met1  │
│ 1.09  │ 436.40  │ 400.00   │ clknet_0_clk     │ clkbuf_1_0_0_clk/A  │ met1  │
│ 1.07  │ 3537.00 │ 3312.80  │ _0396_           │ _5197_/D            │ met2  │
│ 1.07  │ 3537.00 │ 3312.80  │ _0433_           │ _5252_/D            │ met2  │
│ 1.06  │ 3498.67 │ 3312.80  │ _0434_           │ _5253_/D            │ met2  │
│ 1.05  │ 420.05  │ 400.00   │ net239           │ _2700_/A2           │ met1  │
│ 1.05  │ 419.79  │ 400.00   │ net619           │ _2943_/A2           │ met1  │
│ 1.04  │ 417.75  │ 400.00   │ net317           │ output317/A         │ met1  │
│ 1.04  │ 417.35  │ 400.00   │ net236           │ _2694_/A2           │ met1  │
│ 1.04  │ 3038.67 │ 2918.08  │ net83            │ _2880_/B            │ met2  │
│ 1.03  │ 413.34  │ 400.00   │ net278           │ output278/A         │ met1  │
│ 1.03  │ 413.23  │ 400.00   │ net80            │ _2874_/A2           │ met1  │
│ 1.03  │ 412.99  │ 400.00   │ net280           │ output280/A         │ met1  │
│ 1.03  │ 3419.28 │ 3312.80  │ _0385_           │ _5196_/D            │ met2  │
│ 1.03  │ 410.53  │ 400.00   │ net318           │ output318/A         │ met1  │
│ 1.01  │ 404.08  │ 400.00   │ net653           │ fanout650/A         │ met1  │
└───────┴─────────┴──────────┴──────────────────┴─────────────────────┴───────┘
