Clock: clk
Sources: clk 
Generated: no
Virtual: yes
Propagated: no
Period: 25.000000

===========================================================================
report_clock_properties
============================================================================
Clock                   Period          Waveform
----------------------------------------------------
clk                  25.000000    0.000000 12.500000

===========================================================================
report_clock_latency
============================================================================
Clock clk
rise -> rise
    min     max
0.000000 0.000000 source latency
2.791448         network latency _4778_/CLK
        3.283462 network latency _4748_/CLK
---------------
2.791448 3.283462 latency
        0.492014 skew

fall -> fall
    min     max
0.000000 0.000000 source latency
2.382877         network latency _4778_/CLK
        2.823015 network latency _4956_/CLK
---------------
2.382877 2.823015 latency
        0.440138 skew



===========================================================================
report_clock_min_period
============================================================================
clk period_min = 12.53 fmax = 79.78
