Reading OpenROAD database at '/home/stonepine/ECE510-AI_ML_HW/ECE510-challenges/challenge-17/verilog/runs/RUN_2025-05-03_12-39-51/17-openroad-cutrows/systolic_sorter.odb'…
Reading library file at '/home/stonepine/.volare/volare/sky130/versions/0fe599b2afb6708d281543108caf8310912f54af/sky130A/libs.ref/sky130_fd_sc_hd/lib/sky130_fd_sc_hd__tt_025C_1v80.lib'…
Reading design constraints file at '/nix/store/ss2cw3sxbrwwx9jl0rrppbw4kgcmgi2n-python3-3.11.9-env/lib/python3.11/site-packages/openlane/scripts/base.sdc'…
[INFO] Using clock clk…
[INFO] Setting output delay to: 5
[INFO] Setting input delay to: 5
[INFO] Setting load to: 0.033442
[INFO] Setting clock uncertainty to: 0.25
[INFO] Setting clock transition to: 0.1499999999999999944488848768742172978818416595458984375
[INFO] Setting timing derate to: 5%
[INFO TAP-0004] Inserted 1270 endcaps.
[INFO TAP-0005] Inserted 42679 tapcells.
Setting global connections for newly added cells…
[INFO] Setting global connections...
Updating metrics…
Cell type report:                       Count       Area
  Fill cell                              1270    4767.07
  Tap cell                              42679   53399.96
  Inverter                                843    3164.28
  Sequential cell                         705   18524.02
  Multi-Input combinational cell         1528   15209.59
  Total                                 47025   95064.92
Writing OpenROAD database to '/home/stonepine/ECE510-AI_ML_HW/ECE510-challenges/challenge-17/verilog/runs/RUN_2025-05-03_12-39-51/18-openroad-tapendcapinsertion/systolic_sorter.odb'…
Writing netlist to '/home/stonepine/ECE510-AI_ML_HW/ECE510-challenges/challenge-17/verilog/runs/RUN_2025-05-03_12-39-51/18-openroad-tapendcapinsertion/systolic_sorter.nl.v'…
Writing powered netlist to '/home/stonepine/ECE510-AI_ML_HW/ECE510-challenges/challenge-17/verilog/runs/RUN_2025-05-03_12-39-51/18-openroad-tapendcapinsertion/systolic_sorter.pnl.v'…
Writing layout to '/home/stonepine/ECE510-AI_ML_HW/ECE510-challenges/challenge-17/verilog/runs/RUN_2025-05-03_12-39-51/18-openroad-tapendcapinsertion/systolic_sorter.def'…
Writing timing constraints to '/home/stonepine/ECE510-AI_ML_HW/ECE510-challenges/challenge-17/verilog/runs/RUN_2025-05-03_12-39-51/18-openroad-tapendcapinsertion/systolic_sorter.sdc'…
