[WARNING ORD-0039] .openroad ignored with -python
Unannotated report:
['report_parasitic_annotation -report_unannotated\n',
 '============================================================================\n',
 'Found 179 unannotated drivers.\n',
 ' clkload0/Y\n',
 ' clkload1/X\n',
 ' clkload10/Y\n',
 ' clkload100/X\n',
 ' clkload101/X\n',
 ' clkload102/X\n',
 ' clkload103/X\n',
 ' clkload104/X\n',
 ' clkload105/X\n',
 ' clkload106/X\n',
 ' clkload107/Y\n',
 ' clkload108/Y\n',
 ' clkload109/Y\n',
 ' clkload11/Y\n',
 ' clkload110/Y\n',
 ' clkload111/X\n',
 ' clkload112/X\n',
 ' clkload113/X\n',
 ' clkload114/Y\n',
 ' clkload115/X\n',
 ' clkload116/X\n',
 ' clkload117/X\n',
 ' clkload118/X\n',
 ' clkload119/Y\n',
 ' clkload12/Y\n',
 ' clkload120/Y\n',
 ' clkload121/Y\n',
 ' clkload122/Y\n',
 ' clkload123/X\n',
 ' clkload124/Y\n',
 ' clkload125/Y\n',
 ' clkload126/Y\n',
 ' clkload127/X\n',
 ' clkload128/Y\n',
 ' clkload129/X\n',
 ' clkload13/Y\n',
 ' clkload130/X\n',
 ' clkload131/X\n',
 ' clkload132/Y\n',
 ' clkload133/X\n',
 ' clkload134/X\n',
 ' clkload135/X\n',
 ' clkload136/X\n',
 ' clkload137/X\n',
 ' clkload138/X\n',
 ' clkload139/X\n',
 ' clkload14/Y\n',
 ' clkload140/X\n',
 ' clkload141/X\n',
 ' clkload142/X\n',
 ' clkload143/X\n',
 ' clkload144/X\n',
 ' clkload145/X\n',
 ' clkload146/X\n',
 ' clkload147/X\n',
 ' clkload148/X\n',
 ' clkload149/X\n',
 ' clkload15/Y\n',
 ' clkload150/Y\n',
 ' clkload151/Y\n',
 ' clkload152/Y\n',
 ' clkload153/X\n',
 ' clkload154/X\n',
 ' clkload155/X\n',
 ' clkload156/Y\n',
 ' clkload157/X\n',
 ' clkload158/X\n',
 ' clkload159/X\n',
 ' clkload16/Y\n',
 ' clkload160/X\n',
 ' clkload161/X\n',
 ' clkload162/X\n',
 ' clkload163/X\n',
 ' clkload164/Y\n',
 ' clkload165/X\n',
 ' clkload166/X\n',
 ' clkload167/X\n',
 ' clkload168/Y\n',
 ' clkload169/X\n',
 ' clkload17/X\n',
 ' clkload170/Y\n',
 ' clkload171/X\n',
 ' clkload172/X\n',
 ' clkload173/Y\n',
 ' clkload174/X\n',
 ' clkload175/X\n',
 ' clkload176/X\n',
 ' clkload177/X\n',
 ' clkload178/X\n',
 ' clkload18/X\n',
 ' clkload19/Y\n',
 ' clkload2/Y\n',
 ' clkload20/X\n',
 ' clkload21/X\n',
 ' clkload22/X\n',
 ' clkload23/X\n',
 ' clkload24/X\n',
 ' clkload25/X\n',
 ' clkload26/X\n',
 ' clkload27/X\n',
 ' clkload28/X\n',
 ' clkload29/X\n',
 ' clkload3/X\n',
 ' clkload30/X\n',
 ' clkload31/X\n',
 ' clkload32/X\n',
 ' clkload33/X\n',
 ' clkload34/X\n',
 ' clkload35/X\n',
 ' clkload36/X\n',
 ' clkload37/X\n',
 ' clkload38/X\n',
 ' clkload39/X\n',
 ' clkload4/Y\n',
 ' clkload40/X\n',
 ' clkload41/Y\n',
 ' clkload42/X\n',
 ' clkload43/X\n',
 ' clkload44/X\n',
 ' clkload45/X\n',
 ' clkload46/X\n',
 ' clkload47/X\n',
 ' clkload48/X\n',
 ' clkload49/Y\n',
 ' clkload5/Y\n',
 ' clkload50/Y\n',
 ' clkload51/Y\n',
 ' clkload52/X\n',
 ' clkload53/X\n',
 ' clkload54/X\n',
 ' clkload55/X\n',
 ' clkload56/X\n',
 ' clkload57/X\n',
 ' clkload58/X\n',
 ' clkload59/X\n',
 ' clkload6/Y\n',
 ' clkload60/X\n',
 ' clkload61/Y\n',
 ' clkload62/X\n',
 ' clkload63/Y\n',
 ' clkload64/X\n',
 ' clkload65/X\n',
 ' clkload66/X\n',
 ' clkload67/X\n',
 ' clkload68/Y\n',
 ' clkload69/X\n',
 ' clkload7/X\n',
 ' clkload70/X\n',
 ' clkload71/X\n',
 ' clkload72/Y\n',
 ' clkload73/X\n',
 ' clkload74/Y\n',
 ' clkload75/X\n',
 ' clkload76/X\n',
 ' clkload77/X\n',
 ' clkload78/X\n',
 ' clkload79/X\n',
 ' clkload8/Y\n',
 ' clkload80/X\n',
 ' clkload81/X\n',
 ' clkload82/Y\n',
 ' clkload83/Y\n',
 ' clkload84/X\n',
 ' clkload85/Y\n',
 ' clkload86/X\n',
 ' clkload87/X\n',
 ' clkload88/X\n',
 ' clkload89/X\n',
 ' clkload9/Y\n',
 ' clkload90/X\n',
 ' clkload91/X\n',
 ' clkload92/Y\n',
 ' clkload93/X\n',
 ' clkload94/X\n',
 ' clkload95/X\n',
 ' clkload96/X\n',
 ' clkload97/X\n',
 ' clkload98/X\n',
 ' clkload99/X\n',
 'Found 0 partially unannotated drivers.\n',
 '\n']
Reported nets:
['clkload0/Y',
 'clkload1/X',
 'clkload10/Y',
 'clkload100/X',
 'clkload101/X',
 'clkload102/X',
 'clkload103/X',
 'clkload104/X',
 'clkload105/X',
 'clkload106/X',
 'clkload107/Y',
 'clkload108/Y',
 'clkload109/Y',
 'clkload11/Y',
 'clkload110/Y',
 'clkload111/X',
 'clkload112/X',
 'clkload113/X',
 'clkload114/Y',
 'clkload115/X',
 'clkload116/X',
 'clkload117/X',
 'clkload118/X',
 'clkload119/Y',
 'clkload12/Y',
 'clkload120/Y',
 'clkload121/Y',
 'clkload122/Y',
 'clkload123/X',
 'clkload124/Y',
 'clkload125/Y',
 'clkload126/Y',
 'clkload127/X',
 'clkload128/Y',
 'clkload129/X',
 'clkload13/Y',
 'clkload130/X',
 'clkload131/X',
 'clkload132/Y',
 'clkload133/X',
 'clkload134/X',
 'clkload135/X',
 'clkload136/X',
 'clkload137/X',
 'clkload138/X',
 'clkload139/X',
 'clkload14/Y',
 'clkload140/X',
 'clkload141/X',
 'clkload142/X',
 'clkload143/X',
 'clkload144/X',
 'clkload145/X',
 'clkload146/X',
 'clkload147/X',
 'clkload148/X',
 'clkload149/X',
 'clkload15/Y',
 'clkload150/Y',
 'clkload151/Y',
 'clkload152/Y',
 'clkload153/X',
 'clkload154/X',
 'clkload155/X',
 'clkload156/Y',
 'clkload157/X',
 'clkload158/X',
 'clkload159/X',
 'clkload16/Y',
 'clkload160/X',
 'clkload161/X',
 'clkload162/X',
 'clkload163/X',
 'clkload164/Y',
 'clkload165/X',
 'clkload166/X',
 'clkload167/X',
 'clkload168/Y',
 'clkload169/X',
 'clkload17/X',
 'clkload170/Y',
 'clkload171/X',
 'clkload172/X',
 'clkload173/Y',
 'clkload174/X',
 'clkload175/X',
 'clkload176/X',
 'clkload177/X',
 'clkload178/X',
 'clkload18/X',
 'clkload19/Y',
 'clkload2/Y',
 'clkload20/X',
 'clkload21/X',
 'clkload22/X',
 'clkload23/X',
 'clkload24/X',
 'clkload25/X',
 'clkload26/X',
 'clkload27/X',
 'clkload28/X',
 'clkload29/X',
 'clkload3/X',
 'clkload30/X',
 'clkload31/X',
 'clkload32/X',
 'clkload33/X',
 'clkload34/X',
 'clkload35/X',
 'clkload36/X',
 'clkload37/X',
 'clkload38/X',
 'clkload39/X',
 'clkload4/Y',
 'clkload40/X',
 'clkload41/Y',
 'clkload42/X',
 'clkload43/X',
 'clkload44/X',
 'clkload45/X',
 'clkload46/X',
 'clkload47/X',
 'clkload48/X',
 'clkload49/Y',
 'clkload5/Y',
 'clkload50/Y',
 'clkload51/Y',
 'clkload52/X',
 'clkload53/X',
 'clkload54/X',
 'clkload55/X',
 'clkload56/X',
 'clkload57/X',
 'clkload58/X',
 'clkload59/X',
 'clkload6/Y',
 'clkload60/X',
 'clkload61/Y',
 'clkload62/X',
 'clkload63/Y',
 'clkload64/X',
 'clkload65/X',
 'clkload66/X',
 'clkload67/X',
 'clkload68/Y',
 'clkload69/X',
 'clkload7/X',
 'clkload70/X',
 'clkload71/X',
 'clkload72/Y',
 'clkload73/X',
 'clkload74/Y',
 'clkload75/X',
 'clkload76/X',
 'clkload77/X',
 'clkload78/X',
 'clkload79/X',
 'clkload8/Y',
 'clkload80/X',
 'clkload81/X',
 'clkload82/Y',
 'clkload83/Y',
 'clkload84/X',
 'clkload85/Y',
 'clkload86/X',
 'clkload87/X',
 'clkload88/X',
 'clkload89/X',
 'clkload9/Y',
 'clkload90/X',
 'clkload91/X',
 'clkload92/Y',
 'clkload93/X',
 'clkload94/X',
 'clkload95/X',
 'clkload96/X',
 'clkload97/X',
 'clkload98/X',
 'clkload99/X']
Filtered nets:
[]
done
