Clock: clk
Sources: clk 
Generated: no
Virtual: no
Propagated: no
Period: 25.000000

===========================================================================
report_clock_properties
============================================================================
Clock                   Period          Waveform
----------------------------------------------------
clk                  25.000000    0.000000 12.500000

===========================================================================
report_clock_latency
============================================================================
Clock clk
rise -> rise
    min     max
0.000000 0.000000 source latency
4.025826         network latency _4742_/CLK
        4.025826 network latency _4742_/CLK
---------------
4.025826 4.025826 latency
        0.000000 skew

fall -> fall
    min     max
0.000000 0.000000 source latency
1.969755         network latency _4742_/CLK
        1.969755 network latency _4742_/CLK
---------------
1.969755 1.969755 latency
        0.000000 skew



===========================================================================
report_clock_min_period
============================================================================
clk period_min = 6.39 fmax = 156.60
