Clock: clk
Sources: clk 
Generated: no
Virtual: yes
Propagated: no
Period: 25.000000

===========================================================================
report_clock_properties
============================================================================
Clock                   Period          Waveform
----------------------------------------------------
clk                  25.000000    0.000000 12.500000

===========================================================================
report_clock_latency
============================================================================
Clock clk
rise -> rise
    min     max
0.000000 0.000000 source latency
1.394032         network latency _4896_/CLK
        1.622917 network latency _4748_/CLK
---------------
1.394032 1.622917 latency
        0.228886 skew

fall -> fall
    min     max
0.000000 0.000000 source latency
1.196062         network latency _4778_/CLK
        1.403508 network latency _4957_/CLK
---------------
1.196062 1.403508 latency
        0.207447 skew



===========================================================================
report_clock_min_period
============================================================================
clk period_min = 5.90 fmax = 169.36
