Clock: clk
Sources: clk 
Generated: no
Virtual: yes
Propagated: no
Period: 25.000000

===========================================================================
report_clock_properties
============================================================================
Clock                   Period          Waveform
----------------------------------------------------
clk                  25.000000    0.000000 12.500000

===========================================================================
report_clock_latency
============================================================================
Clock clk
rise -> rise
    min     max
0.000000 0.000000 source latency
1.592873         network latency _4778_/CLK
        1.885236 network latency _4956_/CLK
---------------
1.592873 1.885236 latency
        0.292363 skew

fall -> fall
    min     max
0.000000 0.000000 source latency
1.338089         network latency _4778_/CLK
        1.605225 network latency _4956_/CLK
---------------
1.338089 1.605225 latency
        0.267137 skew



===========================================================================
report_clock_min_period
============================================================================
clk period_min = 6.71 fmax = 148.93
