
===========================================================================
report_checks -unconstrained
===========================================================================
======================= min_ff_n40C_1v95 Corner ===================================

Startpoint: rst (input port clocked by clk)
Endpoint: _5359_ (recovery check against rising-edge clock clk)
Path Group: asynchronous
Path Type: max

Fanout         Cap        Slew       Delay        Time   Description
---------------------------------------------------------------------------------------------
                                  0.000000    0.000000   clock clk (rise edge)
                                  0.000000    0.000000   clock network delay (propagated)
                                  5.000000    5.000000 v input external delay
     1    0.009322    0.015226    0.009095    5.009096 v rst (in)
                                                         rst (net)
                      0.015230    0.000000    5.009096 v input258/A (sky130_fd_sc_hd__buf_12)
     3    0.152801    0.047175    0.096071    5.105166 v input258/X (sky130_fd_sc_hd__buf_12)
                                                         net258 (net)
                      0.135808    0.062229    5.167396 v fanout751/A (sky130_fd_sc_hd__buf_12)
     4    0.104944    0.047329    0.143820    5.311215 v fanout751/X (sky130_fd_sc_hd__buf_12)
                                                         net751 (net)
                      0.047333    0.000293    5.311509 v max_cap752/A (sky130_fd_sc_hd__buf_12)
     4    0.114383    0.042840    0.106557    5.418066 v max_cap752/X (sky130_fd_sc_hd__buf_12)
                                                         net752 (net)
                      0.086188    0.036061    5.454127 v fanout738/A (sky130_fd_sc_hd__buf_4)
     7    0.065668    0.066167    0.153735    5.607862 v fanout738/X (sky130_fd_sc_hd__buf_4)
                                                         net738 (net)
                      0.066170    0.000349    5.608211 v fanout732/A (sky130_fd_sc_hd__buf_4)
    10    0.063590    0.067492    0.145837    5.754048 v fanout732/X (sky130_fd_sc_hd__buf_4)
                                                         net732 (net)
                      0.067492    0.000247    5.754295 v fanout731/A (sky130_fd_sc_hd__buf_2)
     6    0.043549    0.076612    0.142970    5.897265 v fanout731/X (sky130_fd_sc_hd__buf_2)
                                                         net731 (net)
                      0.076612    0.000148    5.897413 v fanout729/A (sky130_fd_sc_hd__buf_2)
     5    0.038944    0.069755    0.142016    6.039429 v fanout729/X (sky130_fd_sc_hd__buf_2)
                                                         net729 (net)
                      0.069764    0.000809    6.040238 v _3596_/A (sky130_fd_sc_hd__inv_2)
     1    0.004656    0.029068    0.046140    6.086379 ^ _3596_/Y (sky130_fd_sc_hd__inv_2)
                                                         _1258_ (net)
                      0.029068    0.000049    6.086428 ^ _5359_/RESET_B (sky130_fd_sc_hd__dfrtp_4)
                                              6.086428   data arrival time

                                 25.000000   25.000000   clock clk (rise edge)
                                  0.000000   25.000000   clock source latency
     2    0.105499    0.356061    0.252259   25.252258 ^ clk (in)
                                                         clk (net)
                      0.356457    0.000000   25.252258 ^ clkbuf_0_clk/A (sky130_fd_sc_hd__clkbuf_16)
     3    0.090330    0.086460    0.172331   25.424589 ^ clkbuf_0_clk/X (sky130_fd_sc_hd__clkbuf_16)
                                                         clknet_0_clk (net)
                      0.087378    0.006988   25.431578 ^ clkbuf_1_1_0_clk/A (sky130_fd_sc_hd__clkbuf_8)
     2    0.090159    0.122616    0.163929   25.595507 ^ clkbuf_1_1_0_clk/X (sky130_fd_sc_hd__clkbuf_8)
                                                         clknet_1_1_0_clk (net)
                      0.123574    0.008678   25.604185 ^ clkbuf_2_2_0_clk/A (sky130_fd_sc_hd__clkbuf_8)
     4    0.095034    0.129582    0.171253   25.775438 ^ clkbuf_2_2_0_clk/X (sky130_fd_sc_hd__clkbuf_8)
                                                         clknet_2_2_0_clk (net)
                      0.131952    0.013900   25.789337 ^ clkbuf_4_8_0_clk/A (sky130_fd_sc_hd__clkbuf_8)
     2    0.036857    0.058462    0.129576   25.918915 ^ clkbuf_4_8_0_clk/X (sky130_fd_sc_hd__clkbuf_8)
                                                         clknet_4_8_0_clk (net)
                      0.058677    0.002780   25.921694 ^ clkbuf_5_17__f_clk/A (sky130_fd_sc_hd__clkbuf_16)
     6    0.053058    0.054530    0.110866   26.032560 ^ clkbuf_5_17__f_clk/X (sky130_fd_sc_hd__clkbuf_16)
                                                         clknet_5_17__leaf_clk (net)
                      0.054845    0.003213   26.035774 ^ clkbuf_leaf_205_clk/A (sky130_fd_sc_hd__clkbuf_8)
     4    0.013134    0.029879    0.087567   26.123341 ^ clkbuf_leaf_205_clk/X (sky130_fd_sc_hd__clkbuf_8)
                                                         clknet_leaf_205_clk (net)
                      0.029879    0.000158   26.123499 ^ _5359_/CLK (sky130_fd_sc_hd__dfrtp_4)
                                 -0.250000   25.873499   clock uncertainty
                                  0.000000   25.873499   clock reconvergence pessimism
                                  0.131680   26.005178   library recovery time
                                             26.005178   data required time
---------------------------------------------------------------------------------------------
                                             26.005178   data required time
                                             -6.086428   data arrival time
---------------------------------------------------------------------------------------------
                                             19.918751   slack (MET)


Startpoint: _4748_ (rising edge-triggered flip-flop clocked by clk)
Endpoint: out_data_flat[97] (output port clocked by clk)
Path Group: clk
Path Type: max

Fanout         Cap        Slew       Delay        Time   Description
---------------------------------------------------------------------------------------------
                                  0.000000    0.000000   clock clk (rise edge)
                                  0.000000    0.000000   clock source latency
     2    0.105499    0.356061    0.252259    0.252259 ^ clk (in)
                                                         clk (net)
                      0.356457    0.000000    0.252259 ^ clkbuf_0_clk/A (sky130_fd_sc_hd__clkbuf_16)
     3    0.090330    0.086460    0.172332    0.424591 ^ clkbuf_0_clk/X (sky130_fd_sc_hd__clkbuf_16)
                                                         clknet_0_clk (net)
                      0.087378    0.006987    0.431578 ^ clkbuf_1_1_0_clk/A (sky130_fd_sc_hd__clkbuf_8)
     2    0.090159    0.122616    0.163931    0.595508 ^ clkbuf_1_1_0_clk/X (sky130_fd_sc_hd__clkbuf_8)
                                                         clknet_1_1_0_clk (net)
                      0.123164    0.006619    0.602127 ^ clkbuf_2_3_0_clk/A (sky130_fd_sc_hd__clkbuf_8)
     5    0.137614    0.183160    0.207340    0.809467 ^ clkbuf_2_3_0_clk/X (sky130_fd_sc_hd__clkbuf_8)
                                                         clknet_2_3_0_clk (net)
                      0.184103    0.010841    0.820309 ^ clkbuf_4_12_0_clk/A (sky130_fd_sc_hd__clkbuf_8)
     2    0.043001    0.067031    0.141900    0.962208 ^ clkbuf_4_12_0_clk/X (sky130_fd_sc_hd__clkbuf_8)
                                                         clknet_4_12_0_clk (net)
                      0.067373    0.003777    0.965985 ^ clkbuf_5_24__f_clk/A (sky130_fd_sc_hd__clkbuf_16)
     7    0.111278    0.097364    0.142855    1.108841 ^ clkbuf_5_24__f_clk/X (sky130_fd_sc_hd__clkbuf_16)
                                                         clknet_5_24__leaf_clk (net)
                      0.099028    0.010070    1.118911 ^ clkbuf_leaf_156_clk/A (sky130_fd_sc_hd__clkbuf_8)
     3    0.011247    0.028887    0.097479    1.216390 ^ clkbuf_leaf_156_clk/X (sky130_fd_sc_hd__clkbuf_8)
                                                         clknet_leaf_156_clk (net)
                      0.028893    0.000190    1.216580 ^ _4748_/CLK (sky130_fd_sc_hd__dfrtp_4)
    11    0.166738    0.352944    0.475954    1.692534 ^ _4748_/Q (sky130_fd_sc_hd__dfrtp_4)
                                                         net511 (net)
                      0.355421    0.023886    1.716420 ^ output511/A (sky130_fd_sc_hd__buf_2)
     1    0.034199    0.129151    0.178058    1.894478 ^ output511/X (sky130_fd_sc_hd__buf_2)
                                                         out_data_flat[97] (net)
                      0.129151    0.000227    1.894706 ^ out_data_flat[97] (out)
                                              1.894706   data arrival time

                                 25.000000   25.000000   clock clk (rise edge)
                                  0.000000   25.000000   clock network delay (propagated)
                                 -0.250000   24.750000   clock uncertainty
                                  0.000000   24.750000   clock reconvergence pessimism
                                 -5.000000   19.750000   output external delay
                                             19.750000   data required time
---------------------------------------------------------------------------------------------
                                             19.750000   data required time
                                             -1.894706   data arrival time
---------------------------------------------------------------------------------------------
                                             17.855293   slack (MET)




===========================================================================
report_checks --slack_max -0.01
============================================================================
======================= min_ff_n40C_1v95 Corner ===================================

No paths found.


===========================================================================
 report_check_types -max_slew -max_cap -max_fanout -violators
============================================================================
======================= min_ff_n40C_1v95 Corner ===================================

max fanout

Pin                                   Limit Fanout  Slack
---------------------------------------------------------
_2484_/X                                 10     17     -7 (VIOLATED)
_4799_/Q                                 10     17     -7 (VIOLATED)
_4801_/Q                                 10     17     -7 (VIOLATED)
_4834_/Q                                 10     16     -6 (VIOLATED)
_5399_/Q                                 10     15     -5 (VIOLATED)
_4800_/Q                                 10     13     -3 (VIOLATED)
_4828_/Q                                 10     13     -3 (VIOLATED)
_4817_/Q                                 10     12     -2 (VIOLATED)
_4827_/Q                                 10     12     -2 (VIOLATED)
_5398_/Q                                 10     12     -2 (VIOLATED)
clkbuf_5_28__f_clk/X                     10     12     -2 (VIOLATED)
clkbuf_5_30__f_clk/X                     10     12     -2 (VIOLATED)
fanout560/X                              10     12     -2 (VIOLATED)
fanout619/X                              10     12     -2 (VIOLATED)
input149/X                               10     12     -2 (VIOLATED)
input207/X                               10     12     -2 (VIOLATED)
_4748_/Q                                 10     11        (VIOLATED)
_4770_/Q                                 10     11        (VIOLATED)
_4798_/Q                                 10     11        (VIOLATED)
_4830_/Q                                 10     11        (VIOLATED)
_5365_/Q                                 10     11        (VIOLATED)
_5367_/Q                                 10     11        (VIOLATED)
clkbuf_5_22__f_clk/X                     10     11        (VIOLATED)
clkbuf_5_7__f_clk/X                      10     11        (VIOLATED)
fanout519/X                              10     11        (VIOLATED)
fanout566/X                              10     11        (VIOLATED)
fanout653/X                              10     11        (VIOLATED)
max_cap563/X                             10     11        (VIOLATED)

max capacitance

Pin                                        Limit         Cap       Slack
------------------------------------------------------------------------
_4815_/Q                                0.200000    0.234455   -0.034455 (VIOLATED)
wire589/X                               0.200000    0.227625   -0.027625 (VIOLATED)
fanout523/X                             0.200000    0.225988   -0.025988 (VIOLATED)
fanout702/X                             0.200000    0.225115   -0.025115 (VIOLATED)
max_cap544/X                            0.200000    0.224588   -0.024588 (VIOLATED)
wire524/X                               0.200000    0.224310   -0.024310 (VIOLATED)
fanout566/X                             0.200000    0.223779   -0.023779 (VIOLATED)
wire583/X                               0.200000    0.214753   -0.014753 (VIOLATED)
fanout602/X                             0.200000    0.212875   -0.012875 (VIOLATED)
fanout519/X                             0.200000    0.212594   -0.012594 (VIOLATED)
fanout616/X                             0.200000    0.211251   -0.011251 (VIOLATED)
_4747_/Q                                0.200000    0.210658   -0.010658 (VIOLATED)
fanout811/X                             0.200000    0.210152   -0.010152 (VIOLATED)
fanout548/X                             0.200000    0.210064   -0.010064 (VIOLATED)
wire629/X                               0.200000    0.209791   -0.009791 (VIOLATED)
max_cap563/X                            0.200000    0.209338   -0.009338 (VIOLATED)
fanout533/X                             0.200000    0.207082   -0.007082 (VIOLATED)
max_cap812/X                            0.200000    0.206784   -0.006784 (VIOLATED)
fanout674/X                             0.200000    0.205297   -0.005297 (VIOLATED)
fanout727/X                             0.200000    0.200766   -0.000766 (VIOLATED)



===========================================================================
report_parasitic_annotation -report_unannotated
============================================================================
Found 179 unannotated drivers.
 clkload0/Y
 clkload1/X
 clkload10/Y
 clkload100/X
 clkload101/X
 clkload102/X
 clkload103/X
 clkload104/X
 clkload105/X
 clkload106/X
 clkload107/Y
 clkload108/Y
 clkload109/Y
 clkload11/Y
 clkload110/Y
 clkload111/X
 clkload112/X
 clkload113/X
 clkload114/Y
 clkload115/X
 clkload116/X
 clkload117/X
 clkload118/X
 clkload119/Y
 clkload12/Y
 clkload120/Y
 clkload121/Y
 clkload122/Y
 clkload123/X
 clkload124/Y
 clkload125/Y
 clkload126/Y
 clkload127/X
 clkload128/Y
 clkload129/X
 clkload13/Y
 clkload130/X
 clkload131/X
 clkload132/Y
 clkload133/X
 clkload134/X
 clkload135/X
 clkload136/X
 clkload137/X
 clkload138/X
 clkload139/X
 clkload14/Y
 clkload140/X
 clkload141/X
 clkload142/X
 clkload143/X
 clkload144/X
 clkload145/X
 clkload146/X
 clkload147/X
 clkload148/X
 clkload149/X
 clkload15/Y
 clkload150/Y
 clkload151/Y
 clkload152/Y
 clkload153/X
 clkload154/X
 clkload155/X
 clkload156/Y
 clkload157/X
 clkload158/X
 clkload159/X
 clkload16/Y
 clkload160/X
 clkload161/X
 clkload162/X
 clkload163/X
 clkload164/Y
 clkload165/X
 clkload166/X
 clkload167/X
 clkload168/Y
 clkload169/X
 clkload17/X
 clkload170/Y
 clkload171/X
 clkload172/X
 clkload173/Y
 clkload174/X
 clkload175/X
 clkload176/X
 clkload177/X
 clkload178/X
 clkload18/X
 clkload19/Y
 clkload2/Y
 clkload20/X
 clkload21/X
 clkload22/X
 clkload23/X
 clkload24/X
 clkload25/X
 clkload26/X
 clkload27/X
 clkload28/X
 clkload29/X
 clkload3/X
 clkload30/X
 clkload31/X
 clkload32/X
 clkload33/X
 clkload34/X
 clkload35/X
 clkload36/X
 clkload37/X
 clkload38/X
 clkload39/X
 clkload4/Y
 clkload40/X
 clkload41/Y
 clkload42/X
 clkload43/X
 clkload44/X
 clkload45/X
 clkload46/X
 clkload47/X
 clkload48/X
 clkload49/Y
 clkload5/Y
 clkload50/Y
 clkload51/Y
 clkload52/X
 clkload53/X
 clkload54/X
 clkload55/X
 clkload56/X
 clkload57/X
 clkload58/X
 clkload59/X
 clkload6/Y
 clkload60/X
 clkload61/Y
 clkload62/X
 clkload63/Y
 clkload64/X
 clkload65/X
 clkload66/X
 clkload67/X
 clkload68/Y
 clkload69/X
 clkload7/X
 clkload70/X
 clkload71/X
 clkload72/Y
 clkload73/X
 clkload74/Y
 clkload75/X
 clkload76/X
 clkload77/X
 clkload78/X
 clkload79/X
 clkload8/Y
 clkload80/X
 clkload81/X
 clkload82/Y
 clkload83/Y
 clkload84/X
 clkload85/Y
 clkload86/X
 clkload87/X
 clkload88/X
 clkload89/X
 clkload9/Y
 clkload90/X
 clkload91/X
 clkload92/Y
 clkload93/X
 clkload94/X
 clkload95/X
 clkload96/X
 clkload97/X
 clkload98/X
 clkload99/X
Found 0 partially unannotated drivers.

===========================================================================
max slew violation count 0
max fanout violation count 28
max cap violation count 20
============================================================================

===========================================================================
check_setup -verbose -unconstrained_endpoints -multiple_clock -no_clock -no_input_delay -loops -generated_clocks
===========================================================================
