Reading OpenROAD database at '/home/stonepine/ECE510-AI_ML_HW/ECE510-challenges/challenge-17/verilog/runs/RUN_2025-05-03_12-39-51/47-odb-reportdisconnectedpins/systolic_sorter.odb'…
Reading library file at '/home/stonepine/.volare/volare/sky130/versions/0fe599b2afb6708d281543108caf8310912f54af/sky130A/libs.ref/sky130_fd_sc_hd/lib/sky130_fd_sc_hd__tt_025C_1v80.lib'…
Reading design constraints file at '/nix/store/ss2cw3sxbrwwx9jl0rrppbw4kgcmgi2n-python3-3.11.9-env/lib/python3.11/site-packages/openlane/scripts/base.sdc'…
[INFO] Using clock clk…
[INFO] Setting output delay to: 5
[INFO] Setting input delay to: 5
[INFO] Setting load to: 0.033442
[INFO] Setting clock uncertainty to: 0.25
[INFO] Setting clock transition to: 0.1499999999999999944488848768742172978818416595458984375
[INFO] Setting timing derate to: 5%
sky130_ef_sc_hd__decap_12 sky130_fd_sc_hd__decap_8 sky130_fd_sc_hd__decap_6 sky130_fd_sc_hd__decap_4 sky130_fd_sc_hd__decap_3 sky130_fd_sc_hd__fill*
[INFO DPL-0001] Placed 254436 filler instances.
Setting global connections for newly added cells…
[INFO] Setting global connections...
Updating metrics…
Cell type report:                       Count       Area
  Fill cell                            255706 2898855.23
  Tap cell                              42679   53399.96
  Antenna cell                            351     878.34
  Clock buffer                            387    5235.02
  Timing Repair Buffer                   1261    9935.78
  Inverter                                843    3239.36
  Clock inverter                           50     391.63
  Sequential cell                         705   18493.99
  Multi-Input combinational cell         1528   14415.08
  Total                                303510 3004844.38
Writing OpenROAD database to '/home/stonepine/ECE510-AI_ML_HW/ECE510-challenges/challenge-17/verilog/runs/RUN_2025-05-03_12-39-51/51-openroad-fillinsertion/systolic_sorter.odb'…
Writing netlist to '/home/stonepine/ECE510-AI_ML_HW/ECE510-challenges/challenge-17/verilog/runs/RUN_2025-05-03_12-39-51/51-openroad-fillinsertion/systolic_sorter.nl.v'…
Writing powered netlist to '/home/stonepine/ECE510-AI_ML_HW/ECE510-challenges/challenge-17/verilog/runs/RUN_2025-05-03_12-39-51/51-openroad-fillinsertion/systolic_sorter.pnl.v'…
Writing layout to '/home/stonepine/ECE510-AI_ML_HW/ECE510-challenges/challenge-17/verilog/runs/RUN_2025-05-03_12-39-51/51-openroad-fillinsertion/systolic_sorter.def'…
Writing timing constraints to '/home/stonepine/ECE510-AI_ML_HW/ECE510-challenges/challenge-17/verilog/runs/RUN_2025-05-03_12-39-51/51-openroad-fillinsertion/systolic_sorter.sdc'…
