Clock: clk
Sources: clk 
Generated: no
Virtual: no
Propagated: no
Period: 25.000000

===========================================================================
report_clock_properties
============================================================================
Clock                   Period          Waveform
----------------------------------------------------
clk                  25.000000    0.000000 12.500000

===========================================================================
report_clock_latency
============================================================================
Clock clk
rise -> rise
    min     max
0.000000 0.000000 source latency
6.209173         network latency _4742_/CLK
        6.209173 network latency _4742_/CLK
---------------
6.209173 6.209173 latency
        0.000000 skew

fall -> fall
    min     max
0.000000 0.000000 source latency
3.426310         network latency _4742_/CLK
        3.426310 network latency _4742_/CLK
---------------
3.426310 3.426310 latency
        0.000000 skew



===========================================================================
report_clock_min_period
============================================================================
clk period_min = 11.66 fmax = 85.76
