                                                                        Cells by Master                                                                         
┏━━━━━━━━━━━━━━━━━━━━━━━━━━━━━━━━━━━━━━━━━━━━━━━━━━━━━━━━━━━━━━━━━━━━━━━━━━━━━━━━━━━━━━━━━━━━━━━━━━━━━━━━━━━━━━━━━━━━━━━━━━━━━━━┳━━━━━━━━━━━━━━━━━━━━━━━━━━━━━━┓
┃ Cell                                                                                                                          ┃ Count                        ┃
┡━━━━━━━━━━━━━━━━━━━━━━━━━━━━━━━━━━━━━━━━━━━━━━━━━━━━━━━━━━━━━━━━━━━━━━━━━━━━━━━━━━━━━━━━━━━━━━━━━━━━━━━━━━━━━━━━━━━━━━━━━━━━━━━╇━━━━━━━━━━━━━━━━━━━━━━━━━━━━━━┩
│ sky130_ef_sc_hd__decap_12                                                                                                     │ 167115                       │
│ sky130_fd_sc_hd__a2111o_1                                                                                                     │ 7                            │
│ sky130_fd_sc_hd__a2111o_2                                                                                                     │ 2                            │
│ sky130_fd_sc_hd__a211o_1                                                                                                      │ 7                            │
│ sky130_fd_sc_hd__a211o_4                                                                                                      │ 3                            │
│ sky130_fd_sc_hd__a21bo_1                                                                                                      │ 8                            │
│ sky130_fd_sc_hd__a21o_1                                                                                                       │ 242                          │
│ sky130_fd_sc_hd__a21o_4                                                                                                       │ 3                            │
│ sky130_fd_sc_hd__a21oi_1                                                                                                      │ 14                           │
│ sky130_fd_sc_hd__a21oi_2                                                                                                      │ 2                            │
│ sky130_fd_sc_hd__a221o_1                                                                                                      │ 35                           │
│ sky130_fd_sc_hd__a221o_2                                                                                                      │ 1                            │
│ sky130_fd_sc_hd__a221o_4                                                                                                      │ 4                            │
│ sky130_fd_sc_hd__a22o_1                                                                                                       │ 256                          │
│ sky130_fd_sc_hd__a22o_4                                                                                                       │ 4                            │
│ sky130_fd_sc_hd__a22oi_1                                                                                                      │ 1                            │
│ sky130_fd_sc_hd__a22oi_2                                                                                                      │ 1                            │
│ sky130_fd_sc_hd__a22oi_4                                                                                                      │ 2                            │
│ sky130_fd_sc_hd__a2bb2o_1                                                                                                     │ 8                            │
│ sky130_fd_sc_hd__a2bb2o_2                                                                                                     │ 1                            │
│ sky130_fd_sc_hd__a311o_1                                                                                                      │ 3                            │
│ sky130_fd_sc_hd__a311o_2                                                                                                      │ 1                            │
│ sky130_fd_sc_hd__a311o_4                                                                                                      │ 1                            │
│ sky130_fd_sc_hd__a31o_1                                                                                                       │ 8                            │
│ sky130_fd_sc_hd__a31o_4                                                                                                       │ 3                            │
│ sky130_fd_sc_hd__a32o_1                                                                                                       │ 2                            │
│ sky130_fd_sc_hd__a32oi_4                                                                                                      │ 1                            │
│ sky130_fd_sc_hd__a41o_4                                                                                                       │ 1                            │
│ sky130_fd_sc_hd__and2_1                                                                                                       │ 45                           │
│ sky130_fd_sc_hd__and2_2                                                                                                       │ 1                            │
│ sky130_fd_sc_hd__and2_4                                                                                                       │ 1                            │
│ sky130_fd_sc_hd__and2b_1                                                                                                      │ 64                           │
│ sky130_fd_sc_hd__and2b_4                                                                                                      │ 1                            │
│ sky130_fd_sc_hd__and3_1                                                                                                       │ 4                            │
│ sky130_fd_sc_hd__and3_4                                                                                                       │ 1                            │
│ sky130_fd_sc_hd__and3b_1                                                                                                      │ 5                            │
│ sky130_fd_sc_hd__and3b_4                                                                                                      │ 1                            │
│ sky130_fd_sc_hd__and4_1                                                                                                       │ 4                            │
│ sky130_fd_sc_hd__and4_4                                                                                                       │ 5                            │
│ sky130_fd_sc_hd__and4b_1                                                                                                      │ 2                            │
│ sky130_fd_sc_hd__and4b_4                                                                                                      │ 1                            │
│ sky130_fd_sc_hd__and4bb_2                                                                                                     │ 2                            │
│ sky130_fd_sc_hd__buf_1                                                                                                        │ 112                          │
│ sky130_fd_sc_hd__buf_12                                                                                                       │ 29                           │
│ sky130_fd_sc_hd__buf_2                                                                                                        │ 299                          │
│ sky130_fd_sc_hd__buf_4                                                                                                        │ 123                          │
│ sky130_fd_sc_hd__buf_6                                                                                                        │ 7                            │
│ sky130_fd_sc_hd__buf_8                                                                                                        │ 17                           │
│ sky130_fd_sc_hd__bufinv_16                                                                                                    │ 4                            │
│ sky130_fd_sc_hd__clkbuf_1                                                                                                     │ 91                           │
│ sky130_fd_sc_hd__clkbuf_16                                                                                                    │ 46                           │
│ sky130_fd_sc_hd__clkbuf_2                                                                                                     │ 21                           │
│ sky130_fd_sc_hd__clkbuf_4                                                                                                     │ 145                          │
│ sky130_fd_sc_hd__clkbuf_8                                                                                                     │ 295                          │
│ sky130_fd_sc_hd__clkinv_2                                                                                                     │ 34                           │
│ sky130_fd_sc_hd__clkinv_4                                                                                                     │ 6                            │
│ sky130_fd_sc_hd__clkinv_8                                                                                                     │ 4                            │
│ sky130_fd_sc_hd__clkinvlp_4                                                                                                   │ 5                            │
│ sky130_fd_sc_hd__decap_3                                                                                                      │ 2469                         │
│ sky130_fd_sc_hd__decap_4                                                                                                      │ 1277                         │
│ sky130_fd_sc_hd__decap_6                                                                                                      │ 40388                        │
│ sky130_fd_sc_hd__decap_8                                                                                                      │ 1563                         │
│ sky130_fd_sc_hd__dfrtp_1                                                                                                      │ 456                          │
│ sky130_fd_sc_hd__dfrtp_2                                                                                                      │ 33                           │
│ sky130_fd_sc_hd__dfrtp_4                                                                                                      │ 216                          │
│ sky130_fd_sc_hd__diode_2                                                                                                      │ 351                          │
│ sky130_fd_sc_hd__dlygate4sd3_1                                                                                                │ 449                          │
│ sky130_fd_sc_hd__dlymetal6s2s_1                                                                                               │ 14                           │
│ sky130_fd_sc_hd__fill_1                                                                                                       │ 41655                        │
│ sky130_fd_sc_hd__fill_2                                                                                                       │ 1239                         │
│ sky130_fd_sc_hd__inv_2                                                                                                        │ 833                          │
│ sky130_fd_sc_hd__inv_4                                                                                                        │ 3                            │
│ sky130_fd_sc_hd__inv_6                                                                                                        │ 2                            │
│ sky130_fd_sc_hd__inv_8                                                                                                        │ 2                            │
│ sky130_fd_sc_hd__mux2_1                                                                                                       │ 407                          │
│ sky130_fd_sc_hd__mux2_2                                                                                                       │ 7                            │
│ sky130_fd_sc_hd__mux2_4                                                                                                       │ 8                            │
│ sky130_fd_sc_hd__mux2_8                                                                                                       │ 11                           │
│ sky130_fd_sc_hd__nand2_1                                                                                                      │ 14                           │
│ sky130_fd_sc_hd__nand2_2                                                                                                      │ 1                            │
│ sky130_fd_sc_hd__nand2_8                                                                                                      │ 1                            │
│ sky130_fd_sc_hd__nand2b_1                                                                                                     │ 45                           │
│ sky130_fd_sc_hd__nand2b_4                                                                                                     │ 1                            │
│ sky130_fd_sc_hd__nand3_2                                                                                                      │ 1                            │
│ sky130_fd_sc_hd__nand3b_1                                                                                                     │ 3                            │
│ sky130_fd_sc_hd__nand4_4                                                                                                      │ 1                            │
│ sky130_fd_sc_hd__nor2_1                                                                                                       │ 31                           │
│ sky130_fd_sc_hd__nor2_4                                                                                                       │ 2                            │
│ sky130_fd_sc_hd__nor2_8                                                                                                       │ 2                            │
│ sky130_fd_sc_hd__nor4_1                                                                                                       │ 1                            │
│ sky130_fd_sc_hd__o2111a_1                                                                                                     │ 3                            │
│ sky130_fd_sc_hd__o2111a_2                                                                                                     │ 1                            │
│ sky130_fd_sc_hd__o2111a_4                                                                                                     │ 2                            │
│ sky130_fd_sc_hd__o211a_1                                                                                                      │ 11                           │
│ sky130_fd_sc_hd__o211a_4                                                                                                      │ 5                            │
│ sky130_fd_sc_hd__o211ai_2                                                                                                     │ 1                            │
│ sky130_fd_sc_hd__o211ai_4                                                                                                     │ 2                            │
│ sky130_fd_sc_hd__o21a_1                                                                                                       │ 15                           │
│ sky130_fd_sc_hd__o21ai_1                                                                                                      │ 9                            │
│ sky130_fd_sc_hd__o21ai_2                                                                                                      │ 1                            │
│ sky130_fd_sc_hd__o21ai_4                                                                                                      │ 1                            │
│ sky130_fd_sc_hd__o21ba_1                                                                                                      │ 3                            │
│ sky130_fd_sc_hd__o21bai_1                                                                                                     │ 4                            │
│ sky130_fd_sc_hd__o221a_1                                                                                                      │ 10                           │
│ sky130_fd_sc_hd__o221a_4                                                                                                      │ 4                            │
│ sky130_fd_sc_hd__o221ai_1                                                                                                     │ 1                            │
│ sky130_fd_sc_hd__o22a_1                                                                                                       │ 33                           │
│ sky130_fd_sc_hd__o22a_4                                                                                                       │ 3                            │
│ sky130_fd_sc_hd__o22ai_1                                                                                                      │ 1                            │
│ sky130_fd_sc_hd__o22ai_2                                                                                                      │ 1                            │
│ sky130_fd_sc_hd__o2bb2a_1                                                                                                     │ 7                            │
│ sky130_fd_sc_hd__o2bb2a_4                                                                                                     │ 1                            │
│ sky130_fd_sc_hd__o311a_1                                                                                                      │ 1                            │
│ sky130_fd_sc_hd__o311a_2                                                                                                      │ 1                            │
│ sky130_fd_sc_hd__o311a_4                                                                                                      │ 1                            │
│ sky130_fd_sc_hd__o31a_1                                                                                                       │ 3                            │
│ sky130_fd_sc_hd__o31a_4                                                                                                       │ 1                            │
│ sky130_fd_sc_hd__o32a_1                                                                                                       │ 3                            │
│ sky130_fd_sc_hd__o32a_4                                                                                                       │ 1                            │
│ sky130_fd_sc_hd__or2_1                                                                                                        │ 10                           │
│ sky130_fd_sc_hd__or2_2                                                                                                        │ 1                            │
│ sky130_fd_sc_hd__or2_4                                                                                                        │ 3                            │
│ sky130_fd_sc_hd__or3_1                                                                                                        │ 14                           │
│ sky130_fd_sc_hd__or3_2                                                                                                        │ 2                            │
│ sky130_fd_sc_hd__or3_4                                                                                                        │ 1                            │
│ sky130_fd_sc_hd__or3b_1                                                                                                       │ 20                           │
│ sky130_fd_sc_hd__or3b_4                                                                                                       │ 1                            │
│ sky130_fd_sc_hd__or4_1                                                                                                        │ 4                            │
│ sky130_fd_sc_hd__or4_2                                                                                                        │ 3                            │
│ sky130_fd_sc_hd__or4_4                                                                                                        │ 5                            │
│ sky130_fd_sc_hd__or4b_1                                                                                                       │ 7                            │
│ sky130_fd_sc_hd__or4b_2                                                                                                       │ 2                            │
│ sky130_fd_sc_hd__or4b_4                                                                                                       │ 6                            │
│ sky130_fd_sc_hd__or4bb_1                                                                                                      │ 2                            │
│ sky130_fd_sc_hd__or4bb_2                                                                                                      │ 1                            │
│ sky130_fd_sc_hd__or4bb_4                                                                                                      │ 1                            │
│ sky130_fd_sc_hd__tapvpwrvgnd_1                                                                                                │ 42679                        │
│ sky130_fd_sc_hd__xnor2_1                                                                                                      │ 5                            │
│ sky130_fd_sc_hd__xor2_1                                                                                                       │ 16                           │
└───────────────────────────────────────────────────────────────────────────────────────────────────────────────────────────────┴──────────────────────────────┘
