┏━━━━━━━┳━━━━━━━━━┳━━━━━━━━━━┳━━━━━━━━━━━━━━━━━━━━━━━━━━━━━━━━━━━┳━━━━━━━━━━━━━┳━━━━━━━┓
┃ P / R ┃ Partial ┃ Required ┃ Net                               ┃ Pin         ┃ Layer ┃
┡━━━━━━━╇━━━━━━━━━╇━━━━━━━━━━╇━━━━━━━━━━━━━━━━━━━━━━━━━━━━━━━━━━━╇━━━━━━━━━━━━━╇━━━━━━━┩
│ 8.56  │ 3425.11 │ 400.00   │ net465                            │ _4260_/B    │ met1  │
│ 7.89  │ 3156.61 │ 400.00   │ _0500_                            │ _5191_/D    │ met1  │
│ 6.77  │ 2709.31 │ 400.00   │ _0343_                            │ _5006_/D    │ met1  │
│ 5.00  │ 1999.03 │ 400.00   │ _0575_                            │ _5108_/D    │ met1  │
│ 4.32  │ 1728.29 │ 400.00   │ gen_pe[0\].pe_inst.out_right[19\] │ _2634_/B2   │ met1  │
│ 3.61  │ 1444.86 │ 400.00   │ _0485_                            │ _5177_/D    │ met1  │
│ 3.52  │ 1406.91 │ 400.00   │ net341                            │ _2410_/A1   │ met1  │
│ 3.51  │ 1405.35 │ 400.00   │ net533                            │ fanout529/A │ met1  │
│ 3.02  │ 1209.56 │ 400.00   │ net115                            │ _2936_/A2   │ met1  │
│ 2.78  │ 1112.79 │ 400.00   │ net374                            │ _4541_/B    │ met1  │
│ 2.03  │ 810.44  │ 400.00   │ net523                            │ fanout521/A │ met1  │
│ 1.82  │ 727.10  │ 400.00   │ net538                            │ _4471_/S    │ met1  │
│ 1.79  │ 717.54  │ 400.00   │ net812                            │ _2774_/A    │ met1  │
│ 1.68  │ 670.84  │ 400.00   │ net510                            │ _4410_/B1   │ met1  │
│ 1.68  │ 670.84  │ 400.00   │ net510                            │ _4433_/A2   │ met1  │
│ 1.56  │ 4615.82 │ 2956.40  │ net151                            │ _3924_/A2   │ met4  │
│ 1.56  │ 624.22  │ 400.00   │ net302                            │ _4688_/A_N  │ met1  │
│ 1.53  │ 610.04  │ 400.00   │ net531                            │ _4595_/S    │ met1  │
│ 1.45  │ 580.49  │ 400.00   │ net339                            │ output339/A │ met1  │
│ 1.34  │ 535.20  │ 400.00   │ net373                            │ _3734_/A    │ met1  │
│ 1.18  │ 473.36  │ 400.00   │ net296                            │ _2505_/A1   │ met1  │
│ 1.17  │ 467.90  │ 400.00   │ net654                            │ _2932_/B1   │ met1  │
│ 1.16  │ 462.81  │ 400.00   │ net751                            │ _3409_/A    │ met1  │
│ 1.15  │ 461.54  │ 400.00   │ net274                            │ output274/A │ met1  │
│ 1.12  │ 447.63  │ 400.00   │ net627                            │ _2947_/B1   │ met1  │
│ 1.12  │ 447.63  │ 400.00   │ net627                            │ fanout624/A │ met1  │
│ 1.10  │ 440.14  │ 400.00   │ net502                            │ output502/A │ met2  │
│ 1.04  │ 416.97  │ 400.00   │ _2067_                            │ _4720_/A1   │ met1  │
│ 1.02  │ 407.00  │ 400.00   │ net797                            │ _2674_/A    │ met1  │
│ 1.01  │ 403.86  │ 400.00   │ net775                            │ fanout754/A │ met1  │
└───────┴─────────┴──────────┴───────────────────────────────────┴─────────────┴───────┘
