Clock: clk
Sources: clk 
Generated: no
Virtual: yes
Propagated: no
Period: 25.000000

===========================================================================
report_clock_properties
============================================================================
Clock                   Period          Waveform
----------------------------------------------------
clk                  25.000000    0.000000 12.500000

===========================================================================
report_clock_latency
============================================================================
Clock clk
rise -> rise
    min     max
0.000000 0.000000 source latency
1.663592         network latency _4778_/CLK
        1.964216 network latency _4956_/CLK
---------------
1.663592 1.964216 latency
        0.300624 skew

fall -> fall
    min     max
0.000000 0.000000 source latency
1.390505         network latency _5343_/CLK
        1.671904 network latency _4956_/CLK
---------------
1.390505 1.671904 latency
        0.281400 skew



===========================================================================
report_clock_min_period
============================================================================
clk period_min = 6.98 fmax = 143.20
